\BOOKMARK [1][-]{section.1}{Introduction}{}% 1
\BOOKMARK [2][-]{subsection.1.1}{Purpose}{section.1}% 2
\BOOKMARK [2][-]{subsection.1.2}{Scope}{section.1}% 3
\BOOKMARK [2][-]{subsection.1.3}{Definitions}{section.1}% 4
\BOOKMARK [2][-]{subsection.1.4}{Acronyms}{section.1}% 5
\BOOKMARK [2][-]{subsection.1.5}{Abbreviations}{section.1}% 6
\BOOKMARK [2][-]{subsection.1.6}{Goals}{section.1}% 7
\BOOKMARK [2][-]{subsection.1.7}{Reference Documents}{section.1}% 8
\BOOKMARK [2][-]{subsection.1.8}{Document Structure}{section.1}% 9
\BOOKMARK [1][-]{section.2}{Overall Description}{}% 10
\BOOKMARK [2][-]{subsection.2.1}{Product Perspective}{section.2}% 11
\BOOKMARK [2][-]{subsection.2.2}{Product Functions}{section.2}% 12
\BOOKMARK [3][-]{subsubsection.2.2.1}{Registration \046 Login}{subsection.2.2}% 13
\BOOKMARK [3][-]{subsubsection.2.2.2}{Set Preferences}{subsection.2.2}% 14
\BOOKMARK [3][-]{subsubsection.2.2.3}{Guarantee at Least 30 Minutes of Lunch Break}{subsection.2.2}% 15
\BOOKMARK [3][-]{subsubsection.2.2.4}{Add Events to the Calendar}{subsection.2.2}% 16
\BOOKMARK [3][-]{subsubsection.2.2.5}{Give Advices About the Means of Transport}{subsection.2.2}% 17
\BOOKMARK [3][-]{subsubsection.2.2.6}{The Local Transport Tickets : Recommendation and Purchasing}{subsection.2.2}% 18
\BOOKMARK [3][-]{subsubsection.2.2.7}{Trip Management}{subsection.2.2}% 19
\BOOKMARK [2][-]{subsection.2.3}{User Characteristics}{section.2}% 20
\BOOKMARK [2][-]{subsection.2.4}{Domanin Properties}{section.2}% 21
\BOOKMARK [1][-]{section.3}{Specific Requirements}{}% 22
\BOOKMARK [2][-]{subsection.3.1}{Proposed System}{section.3}% 23
\BOOKMARK [2][-]{subsection.3.2}{External Interface Requirements}{section.3}% 24
\BOOKMARK [3][-]{subsubsection.3.2.1}{User Interfaces}{subsection.3.2}% 25
\BOOKMARK [2][-]{subsection.3.3}{Functional Requirements}{section.3}% 26
\BOOKMARK [2][-]{subsection.3.4}{Design Constraints}{section.3}% 27
\BOOKMARK [2][-]{subsection.3.5}{Non-Functional Requirements}{section.3}% 28
\BOOKMARK [1][-]{section.4}{Scenarios}{}% 29
\BOOKMARK [2][-]{subsection.4.1}{Scenario 1}{section.4}% 30
\BOOKMARK [2][-]{subsection.4.2}{Scenario 2}{section.4}% 31
\BOOKMARK [2][-]{subsection.4.3}{Scenario 3}{section.4}% 32
\BOOKMARK [2][-]{subsection.4.4}{Scenario 4}{section.4}% 33
\BOOKMARK [2][-]{subsection.4.5}{Scenario 5}{section.4}% 34
\BOOKMARK [2][-]{subsection.4.6}{Scenario 6}{section.4}% 35
\BOOKMARK [1][-]{section.5}{Sequence Diagrams}{}% 36
\BOOKMARK [2][-]{subsection.5.1}{Event Creation}{section.5}% 37
\BOOKMARK [2][-]{subsection.5.2}{Trip Transport Ticket Purchasing}{section.5}% 38
\BOOKMARK [2][-]{subsection.5.3}{Local Transport Ticket Purchasing}{section.5}% 39
\BOOKMARK [1][-]{section.6}{Activity Diagrams}{}% 40
\BOOKMARK [2][-]{subsection.6.1}{Event Route Computation}{section.6}% 41
\BOOKMARK [2][-]{subsection.6.2}{Trip Creation}{section.6}% 42
\BOOKMARK [1][-]{section.7}{Alloy}{}% 43
\BOOKMARK [2][-]{subsection.7.1}{Code}{section.7}% 44
\BOOKMARK [2][-]{subsection.7.2}{Run \046 Check}{section.7}% 45
\BOOKMARK [2][-]{subsection.7.3}{Alloy World}{section.7}% 46
\BOOKMARK [2][-]{subsection.7.4}{Alloy Add Event}{section.7}% 47
\BOOKMARK [2][-]{subsection.7.5}{Alloy Add Trip}{section.7}% 48
\BOOKMARK [1][-]{section.8}{Programs Used}{}% 49
\BOOKMARK [1][-]{section.9}{Revision History}{}% 50
\BOOKMARK [1][-]{section.10}{Effort Spent}{}% 51
\BOOKMARK [2][-]{subsection.10.1}{Kostandin Caushi}{section.10}% 52
\BOOKMARK [2][-]{subsection.10.2}{Marcello Bertolini}{section.10}% 53
\BOOKMARK [2][-]{subsection.10.3}{Raffaele Bongo}{section.10}% 54
