\BOOKMARK [1][-]{section.1}{Introduction}{}% 1
\BOOKMARK [2][-]{subsection.1.1}{Purpose}{section.1}% 2
\BOOKMARK [2][-]{subsection.1.2}{Scope}{section.1}% 3
\BOOKMARK [2][-]{subsection.1.3}{Definitions}{section.1}% 4
\BOOKMARK [2][-]{subsection.1.4}{Acronyms}{section.1}% 5
\BOOKMARK [2][-]{subsection.1.5}{Abbreviations}{section.1}% 6
\BOOKMARK [2][-]{subsection.1.6}{Goals}{section.1}% 7
\BOOKMARK [2][-]{subsection.1.7}{Reference Documents}{section.1}% 8
\BOOKMARK [2][-]{subsection.1.8}{Document Structure}{section.1}% 9
\BOOKMARK [1][-]{section.2}{Overall Description}{}% 10
\BOOKMARK [2][-]{subsection.2.1}{Product Perspective}{section.2}% 11
\BOOKMARK [2][-]{subsection.2.2}{Product Functions}{section.2}% 12
\BOOKMARK [3][-]{subsubsection.2.2.1}{Register \046 Login}{subsection.2.2}% 13
\BOOKMARK [3][-]{subsubsection.2.2.2}{Set Preferences}{subsection.2.2}% 14
\BOOKMARK [3][-]{subsubsection.2.2.3}{Add Events to the Calendar}{subsection.2.2}% 15
\BOOKMARK [3][-]{subsubsection.2.2.4}{Give Advices About the Means of Transport for Reaching an Event}{subsection.2.2}% 16
\BOOKMARK [3][-]{subsubsection.2.2.5}{Recommends the Local Public Transportation Tickets}{subsection.2.2}% 17
\BOOKMARK [3][-]{subsubsection.2.2.6}{Purchase Ticket}{subsection.2.2}% 18
\BOOKMARK [2][-]{subsection.2.3}{User Characteristics}{section.2}% 19
\BOOKMARK [2][-]{subsection.2.4}{Domanin Properties}{section.2}% 20
