This is pdfTeX, Version 3.14159265-2.6-1.40.18 (MiKTeX 2.9.6350 64-bit) (preloaded format=pdflatex 2017.10.16)  21 NOV 2017 19:51
entering extended mode
**"./Travlendar+ DD.tex"
("Travlendar+ DD.tex"
LaTeX2e <2017-04-15>
Babel <3.10> and hyphenation patterns for 75 language(s) loaded.
(Files/Packages.tex ("C:\Program Files\MiKTeX 2.9\tex\latex\base\article.cls"
Document Class: article 2014/09/29 v1.4h Standard LaTeX document class
("C:\Program Files\MiKTeX 2.9\tex\latex\base\size11.clo"
File: size11.clo 2014/09/29 v1.4h Standard LaTeX file (size option)
)
\c@part=\count79
\c@section=\count80
\c@subsection=\count81
\c@subsubsection=\count82
\c@paragraph=\count83
\c@subparagraph=\count84
\c@figure=\count85
\c@table=\count86
\abovecaptionskip=\skip41
\belowcaptionskip=\skip42
\bibindent=\dimen102
)
("C:\Program Files\MiKTeX 2.9\tex\latex\base\inputenc.sty"
Package: inputenc 2015/03/17 v1.2c Input encoding file
\inpenc@prehook=\toks14
\inpenc@posthook=\toks15

("C:\Program Files\MiKTeX 2.9\tex\latex\base\utf8.def"
File: utf8.def 2017/01/28 v1.1t UTF-8 support for inputenc
Now handling font encoding OML ...
... no UTF-8 mapping file for font encoding OML
Now handling font encoding T1 ...
... processing UTF-8 mapping file for font encoding T1

("C:\Program Files\MiKTeX 2.9\tex\latex\base\t1enc.dfu"
File: t1enc.dfu 2017/01/28 v1.1t UTF-8 support for inputenc
   defining Unicode char U+00A0 (decimal 160)
   defining Unicode char U+00A1 (decimal 161)
   defining Unicode char U+00A3 (decimal 163)
   defining Unicode char U+00AB (decimal 171)
   defining Unicode char U+00AD (decimal 173)
   defining Unicode char U+00BB (decimal 187)
   defining Unicode char U+00BF (decimal 191)
   defining Unicode char U+00C0 (decimal 192)
   defining Unicode char U+00C1 (decimal 193)
   defining Unicode char U+00C2 (decimal 194)
   defining Unicode char U+00C3 (decimal 195)
   defining Unicode char U+00C4 (decimal 196)
   defining Unicode char U+00C5 (decimal 197)
   defining Unicode char U+00C6 (decimal 198)
   defining Unicode char U+00C7 (decimal 199)
   defining Unicode char U+00C8 (decimal 200)
   defining Unicode char U+00C9 (decimal 201)
   defining Unicode char U+00CA (decimal 202)
   defining Unicode char U+00CB (decimal 203)
   defining Unicode char U+00CC (decimal 204)
   defining Unicode char U+00CD (decimal 205)
   defining Unicode char U+00CE (decimal 206)
   defining Unicode char U+00CF (decimal 207)
   defining Unicode char U+00D0 (decimal 208)
   defining Unicode char U+00D1 (decimal 209)
   defining Unicode char U+00D2 (decimal 210)
   defining Unicode char U+00D3 (decimal 211)
   defining Unicode char U+00D4 (decimal 212)
   defining Unicode char U+00D5 (decimal 213)
   defining Unicode char U+00D6 (decimal 214)
   defining Unicode char U+00D8 (decimal 216)
   defining Unicode char U+00D9 (decimal 217)
   defining Unicode char U+00DA (decimal 218)
   defining Unicode char U+00DB (decimal 219)
   defining Unicode char U+00DC (decimal 220)
   defining Unicode char U+00DD (decimal 221)
   defining Unicode char U+00DE (decimal 222)
   defining Unicode char U+00DF (decimal 223)
   defining Unicode char U+00E0 (decimal 224)
   defining Unicode char U+00E1 (decimal 225)
   defining Unicode char U+00E2 (decimal 226)
   defining Unicode char U+00E3 (decimal 227)
   defining Unicode char U+00E4 (decimal 228)
   defining Unicode char U+00E5 (decimal 229)
   defining Unicode char U+00E6 (decimal 230)
   defining Unicode char U+00E7 (decimal 231)
   defining Unicode char U+00E8 (decimal 232)
   defining Unicode char U+00E9 (decimal 233)
   defining Unicode char U+00EA (decimal 234)
   defining Unicode char U+00EB (decimal 235)
   defining Unicode char U+00EC (decimal 236)
   defining Unicode char U+00ED (decimal 237)
   defining Unicode char U+00EE (decimal 238)
   defining Unicode char U+00EF (decimal 239)
   defining Unicode char U+00F0 (decimal 240)
   defining Unicode char U+00F1 (decimal 241)
   defining Unicode char U+00F2 (decimal 242)
   defining Unicode char U+00F3 (decimal 243)
   defining Unicode char U+00F4 (decimal 244)
   defining Unicode char U+00F5 (decimal 245)
   defining Unicode char U+00F6 (decimal 246)
   defining Unicode char U+00F8 (decimal 248)
   defining Unicode char U+00F9 (decimal 249)
   defining Unicode char U+00FA (decimal 250)
   defining Unicode char U+00FB (decimal 251)
   defining Unicode char U+00FC (decimal 252)
   defining Unicode char U+00FD (decimal 253)
   defining Unicode char U+00FE (decimal 254)
   defining Unicode char U+00FF (decimal 255)
   defining Unicode char U+0100 (decimal 256)
   defining Unicode char U+0101 (decimal 257)
   defining Unicode char U+0102 (decimal 258)
   defining Unicode char U+0103 (decimal 259)
   defining Unicode char U+0104 (decimal 260)
   defining Unicode char U+0105 (decimal 261)
   defining Unicode char U+0106 (decimal 262)
   defining Unicode char U+0107 (decimal 263)
   defining Unicode char U+0108 (decimal 264)
   defining Unicode char U+0109 (decimal 265)
   defining Unicode char U+010A (decimal 266)
   defining Unicode char U+010B (decimal 267)
   defining Unicode char U+010C (decimal 268)
   defining Unicode char U+010D (decimal 269)
   defining Unicode char U+010E (decimal 270)
   defining Unicode char U+010F (decimal 271)
   defining Unicode char U+0110 (decimal 272)
   defining Unicode char U+0111 (decimal 273)
   defining Unicode char U+0112 (decimal 274)
   defining Unicode char U+0113 (decimal 275)
   defining Unicode char U+0114 (decimal 276)
   defining Unicode char U+0115 (decimal 277)
   defining Unicode char U+0116 (decimal 278)
   defining Unicode char U+0117 (decimal 279)
   defining Unicode char U+0118 (decimal 280)
   defining Unicode char U+0119 (decimal 281)
   defining Unicode char U+011A (decimal 282)
   defining Unicode char U+011B (decimal 283)
   defining Unicode char U+011C (decimal 284)
   defining Unicode char U+011D (decimal 285)
   defining Unicode char U+011E (decimal 286)
   defining Unicode char U+011F (decimal 287)
   defining Unicode char U+0120 (decimal 288)
   defining Unicode char U+0121 (decimal 289)
   defining Unicode char U+0122 (decimal 290)
   defining Unicode char U+0123 (decimal 291)
   defining Unicode char U+0124 (decimal 292)
   defining Unicode char U+0125 (decimal 293)
   defining Unicode char U+0128 (decimal 296)
   defining Unicode char U+0129 (decimal 297)
   defining Unicode char U+012A (decimal 298)
   defining Unicode char U+012B (decimal 299)
   defining Unicode char U+012C (decimal 300)
   defining Unicode char U+012D (decimal 301)
   defining Unicode char U+012E (decimal 302)
   defining Unicode char U+012F (decimal 303)
   defining Unicode char U+0130 (decimal 304)
   defining Unicode char U+0131 (decimal 305)
   defining Unicode char U+0132 (decimal 306)
   defining Unicode char U+0133 (decimal 307)
   defining Unicode char U+0134 (decimal 308)
   defining Unicode char U+0135 (decimal 309)
   defining Unicode char U+0136 (decimal 310)
   defining Unicode char U+0137 (decimal 311)
   defining Unicode char U+0139 (decimal 313)
   defining Unicode char U+013A (decimal 314)
   defining Unicode char U+013B (decimal 315)
   defining Unicode char U+013C (decimal 316)
   defining Unicode char U+013D (decimal 317)
   defining Unicode char U+013E (decimal 318)
   defining Unicode char U+0141 (decimal 321)
   defining Unicode char U+0142 (decimal 322)
   defining Unicode char U+0143 (decimal 323)
   defining Unicode char U+0144 (decimal 324)
   defining Unicode char U+0145 (decimal 325)
   defining Unicode char U+0146 (decimal 326)
   defining Unicode char U+0147 (decimal 327)
   defining Unicode char U+0148 (decimal 328)
   defining Unicode char U+014A (decimal 330)
   defining Unicode char U+014B (decimal 331)
   defining Unicode char U+014C (decimal 332)
   defining Unicode char U+014D (decimal 333)
   defining Unicode char U+014E (decimal 334)
   defining Unicode char U+014F (decimal 335)
   defining Unicode char U+0150 (decimal 336)
   defining Unicode char U+0151 (decimal 337)
   defining Unicode char U+0152 (decimal 338)
   defining Unicode char U+0153 (decimal 339)
   defining Unicode char U+0154 (decimal 340)
   defining Unicode char U+0155 (decimal 341)
   defining Unicode char U+0156 (decimal 342)
   defining Unicode char U+0157 (decimal 343)
   defining Unicode char U+0158 (decimal 344)
   defining Unicode char U+0159 (decimal 345)
   defining Unicode char U+015A (decimal 346)
   defining Unicode char U+015B (decimal 347)
   defining Unicode char U+015C (decimal 348)
   defining Unicode char U+015D (decimal 349)
   defining Unicode char U+015E (decimal 350)
   defining Unicode char U+015F (decimal 351)
   defining Unicode char U+0160 (decimal 352)
   defining Unicode char U+0161 (decimal 353)
   defining Unicode char U+0162 (decimal 354)
   defining Unicode char U+0163 (decimal 355)
   defining Unicode char U+0164 (decimal 356)
   defining Unicode char U+0165 (decimal 357)
   defining Unicode char U+0168 (decimal 360)
   defining Unicode char U+0169 (decimal 361)
   defining Unicode char U+016A (decimal 362)
   defining Unicode char U+016B (decimal 363)
   defining Unicode char U+016C (decimal 364)
   defining Unicode char U+016D (decimal 365)
   defining Unicode char U+016E (decimal 366)
   defining Unicode char U+016F (decimal 367)
   defining Unicode char U+0170 (decimal 368)
   defining Unicode char U+0171 (decimal 369)
   defining Unicode char U+0172 (decimal 370)
   defining Unicode char U+0173 (decimal 371)
   defining Unicode char U+0174 (decimal 372)
   defining Unicode char U+0175 (decimal 373)
   defining Unicode char U+0176 (decimal 374)
   defining Unicode char U+0177 (decimal 375)
   defining Unicode char U+0178 (decimal 376)
   defining Unicode char U+0179 (decimal 377)
   defining Unicode char U+017A (decimal 378)
   defining Unicode char U+017B (decimal 379)
   defining Unicode char U+017C (decimal 380)
   defining Unicode char U+017D (decimal 381)
   defining Unicode char U+017E (decimal 382)
   defining Unicode char U+01CD (decimal 461)
   defining Unicode char U+01CE (decimal 462)
   defining Unicode char U+01CF (decimal 463)
   defining Unicode char U+01D0 (decimal 464)
   defining Unicode char U+01D1 (decimal 465)
   defining Unicode char U+01D2 (decimal 466)
   defining Unicode char U+01D3 (decimal 467)
   defining Unicode char U+01D4 (decimal 468)
   defining Unicode char U+01E2 (decimal 482)
   defining Unicode char U+01E3 (decimal 483)
   defining Unicode char U+01E6 (decimal 486)
   defining Unicode char U+01E7 (decimal 487)
   defining Unicode char U+01E8 (decimal 488)
   defining Unicode char U+01E9 (decimal 489)
   defining Unicode char U+01EA (decimal 490)
   defining Unicode char U+01EB (decimal 491)
   defining Unicode char U+01F0 (decimal 496)
   defining Unicode char U+01F4 (decimal 500)
   defining Unicode char U+01F5 (decimal 501)
   defining Unicode char U+0218 (decimal 536)
   defining Unicode char U+0219 (decimal 537)
   defining Unicode char U+021A (decimal 538)
   defining Unicode char U+021B (decimal 539)
   defining Unicode char U+0232 (decimal 562)
   defining Unicode char U+0233 (decimal 563)
   defining Unicode char U+1E02 (decimal 7682)
   defining Unicode char U+1E03 (decimal 7683)
   defining Unicode char U+200C (decimal 8204)
   defining Unicode char U+2010 (decimal 8208)
   defining Unicode char U+2011 (decimal 8209)
   defining Unicode char U+2012 (decimal 8210)
   defining Unicode char U+2013 (decimal 8211)
   defining Unicode char U+2014 (decimal 8212)
   defining Unicode char U+2015 (decimal 8213)
   defining Unicode char U+2018 (decimal 8216)
   defining Unicode char U+2019 (decimal 8217)
   defining Unicode char U+201A (decimal 8218)
   defining Unicode char U+201C (decimal 8220)
   defining Unicode char U+201D (decimal 8221)
   defining Unicode char U+201E (decimal 8222)
   defining Unicode char U+2030 (decimal 8240)
   defining Unicode char U+2031 (decimal 8241)
   defining Unicode char U+2039 (decimal 8249)
   defining Unicode char U+203A (decimal 8250)
   defining Unicode char U+2423 (decimal 9251)
   defining Unicode char U+1E20 (decimal 7712)
   defining Unicode char U+1E21 (decimal 7713)
)
Now handling font encoding OT1 ...
... processing UTF-8 mapping file for font encoding OT1

("C:\Program Files\MiKTeX 2.9\tex\latex\base\ot1enc.dfu"
File: ot1enc.dfu 2017/01/28 v1.1t UTF-8 support for inputenc
   defining Unicode char U+00A0 (decimal 160)
   defining Unicode char U+00A1 (decimal 161)
   defining Unicode char U+00A3 (decimal 163)
   defining Unicode char U+00AD (decimal 173)
   defining Unicode char U+00B8 (decimal 184)
   defining Unicode char U+00BF (decimal 191)
   defining Unicode char U+00C5 (decimal 197)
   defining Unicode char U+00C6 (decimal 198)
   defining Unicode char U+00D8 (decimal 216)
   defining Unicode char U+00DF (decimal 223)
   defining Unicode char U+00E6 (decimal 230)
   defining Unicode char U+00EC (decimal 236)
   defining Unicode char U+00ED (decimal 237)
   defining Unicode char U+00EE (decimal 238)
   defining Unicode char U+00EF (decimal 239)
   defining Unicode char U+00F8 (decimal 248)
   defining Unicode char U+0131 (decimal 305)
   defining Unicode char U+0141 (decimal 321)
   defining Unicode char U+0142 (decimal 322)
   defining Unicode char U+0152 (decimal 338)
   defining Unicode char U+0153 (decimal 339)
   defining Unicode char U+0174 (decimal 372)
   defining Unicode char U+0175 (decimal 373)
   defining Unicode char U+0176 (decimal 374)
   defining Unicode char U+0177 (decimal 375)
   defining Unicode char U+0218 (decimal 536)
   defining Unicode char U+0219 (decimal 537)
   defining Unicode char U+021A (decimal 538)
   defining Unicode char U+021B (decimal 539)
   defining Unicode char U+2013 (decimal 8211)
   defining Unicode char U+2014 (decimal 8212)
   defining Unicode char U+2018 (decimal 8216)
   defining Unicode char U+2019 (decimal 8217)
   defining Unicode char U+201C (decimal 8220)
   defining Unicode char U+201D (decimal 8221)
)
Now handling font encoding OMS ...
... processing UTF-8 mapping file for font encoding OMS

("C:\Program Files\MiKTeX 2.9\tex\latex\base\omsenc.dfu"
File: omsenc.dfu 2017/01/28 v1.1t UTF-8 support for inputenc
   defining Unicode char U+00A7 (decimal 167)
   defining Unicode char U+00B6 (decimal 182)
   defining Unicode char U+00B7 (decimal 183)
   defining Unicode char U+2020 (decimal 8224)
   defining Unicode char U+2021 (decimal 8225)
   defining Unicode char U+2022 (decimal 8226)
)
Now handling font encoding OMX ...
... no UTF-8 mapping file for font encoding OMX
Now handling font encoding U ...
... no UTF-8 mapping file for font encoding U
   defining Unicode char U+00A9 (decimal 169)
   defining Unicode char U+00AA (decimal 170)
   defining Unicode char U+00AE (decimal 174)
   defining Unicode char U+00BA (decimal 186)
   defining Unicode char U+02C6 (decimal 710)
   defining Unicode char U+02DC (decimal 732)
   defining Unicode char U+200C (decimal 8204)
   defining Unicode char U+2026 (decimal 8230)
   defining Unicode char U+2122 (decimal 8482)
   defining Unicode char U+2423 (decimal 9251)
))
("C:\Program Files\MiKTeX 2.9\tex\latex\base\fontenc.sty"
Package: fontenc 2017/04/05 v2.0i Standard LaTeX package

("C:\Program Files\MiKTeX 2.9\tex\latex\base\t1enc.def"
File: t1enc.def 2017/04/05 v2.0i Standard LaTeX file
LaTeX Font Info:    Redeclaring font encoding T1 on input line 48.
))
("C:\Program Files\MiKTeX 2.9\tex\generic\babel\babel.sty"
Package: babel 2017/05/19 3.10 The Babel package

*************************************
* Local config file bblopts.cfg used
*
("C:\Program Files\MiKTeX 2.9\tex\latex\arabi\bblopts.cfg"
File: bblopts.cfg 2005/09/08 v0.1 add Arabic and Farsi to "declared" options of
 babel
)
("C:\Program Files\MiKTeX 2.9\tex\latex\babel-english\english.ldf"
Language: english 2017/01/24 v3.3q English support from the babel system

("C:\Program Files\MiKTeX 2.9\tex\generic\babel\babel.def"
File: babel.def 2017/05/19 3.10 Babel common definitions
\babel@savecnt=\count87
\U@D=\dimen103
)
\l@canadian = a dialect from \language\l@american 
\l@australian = a dialect from \language\l@british 
\l@newzealand = a dialect from \language\l@british 
))
("C:\Program Files\MiKTeX 2.9\tex\latex\base\textcomp.sty"
Package: textcomp 2017/04/05 v2.0i Standard LaTeX package
Package textcomp Info: Sub-encoding information:
(textcomp)               5 = only ISO-Adobe without \textcurrency
(textcomp)               4 = 5 + \texteuro
(textcomp)               3 = 4 + \textohm
(textcomp)               2 = 3 + \textestimated + \textcurrency
(textcomp)               1 = TS1 - \textcircled - \t
(textcomp)               0 = TS1 (full)
(textcomp)             Font families with sub-encoding setting implement
(textcomp)             only a restricted character set as indicated.
(textcomp)             Family '?' is the default used for unknown fonts.
(textcomp)             See the documentation for details.
Package textcomp Info: Setting ? sub-encoding to TS1/1 on input line 79.

("C:\Program Files\MiKTeX 2.9\tex\latex\base\ts1enc.def"
File: ts1enc.def 2001/06/05 v3.0e (jk/car/fm) Standard LaTeX file
Now handling font encoding TS1 ...
... processing UTF-8 mapping file for font encoding TS1

("C:\Program Files\MiKTeX 2.9\tex\latex\base\ts1enc.dfu"
File: ts1enc.dfu 2017/01/28 v1.1t UTF-8 support for inputenc
   defining Unicode char U+00A2 (decimal 162)
   defining Unicode char U+00A3 (decimal 163)
   defining Unicode char U+00A4 (decimal 164)
   defining Unicode char U+00A5 (decimal 165)
   defining Unicode char U+00A6 (decimal 166)
   defining Unicode char U+00A7 (decimal 167)
   defining Unicode char U+00A8 (decimal 168)
   defining Unicode char U+00A9 (decimal 169)
   defining Unicode char U+00AA (decimal 170)
   defining Unicode char U+00AC (decimal 172)
   defining Unicode char U+00AE (decimal 174)
   defining Unicode char U+00AF (decimal 175)
   defining Unicode char U+00B0 (decimal 176)
   defining Unicode char U+00B1 (decimal 177)
   defining Unicode char U+00B2 (decimal 178)
   defining Unicode char U+00B3 (decimal 179)
   defining Unicode char U+00B4 (decimal 180)
   defining Unicode char U+00B5 (decimal 181)
   defining Unicode char U+00B6 (decimal 182)
   defining Unicode char U+00B7 (decimal 183)
   defining Unicode char U+00B9 (decimal 185)
   defining Unicode char U+00BA (decimal 186)
   defining Unicode char U+00BC (decimal 188)
   defining Unicode char U+00BD (decimal 189)
   defining Unicode char U+00BE (decimal 190)
   defining Unicode char U+00D7 (decimal 215)
   defining Unicode char U+00F7 (decimal 247)
   defining Unicode char U+0192 (decimal 402)
   defining Unicode char U+02C7 (decimal 711)
   defining Unicode char U+02D8 (decimal 728)
   defining Unicode char U+02DD (decimal 733)
   defining Unicode char U+0E3F (decimal 3647)
   defining Unicode char U+2016 (decimal 8214)
   defining Unicode char U+2020 (decimal 8224)
   defining Unicode char U+2021 (decimal 8225)
   defining Unicode char U+2022 (decimal 8226)
   defining Unicode char U+2030 (decimal 8240)
   defining Unicode char U+2031 (decimal 8241)
   defining Unicode char U+203B (decimal 8251)
   defining Unicode char U+203D (decimal 8253)
   defining Unicode char U+2044 (decimal 8260)
   defining Unicode char U+204E (decimal 8270)
   defining Unicode char U+2052 (decimal 8274)
   defining Unicode char U+20A1 (decimal 8353)
   defining Unicode char U+20A4 (decimal 8356)
   defining Unicode char U+20A6 (decimal 8358)
   defining Unicode char U+20A9 (decimal 8361)
   defining Unicode char U+20AB (decimal 8363)
   defining Unicode char U+20AC (decimal 8364)
   defining Unicode char U+20B1 (decimal 8369)
   defining Unicode char U+2103 (decimal 8451)
   defining Unicode char U+2116 (decimal 8470)
   defining Unicode char U+2117 (decimal 8471)
   defining Unicode char U+211E (decimal 8478)
   defining Unicode char U+2120 (decimal 8480)
   defining Unicode char U+2122 (decimal 8482)
   defining Unicode char U+2126 (decimal 8486)
   defining Unicode char U+2127 (decimal 8487)
   defining Unicode char U+212E (decimal 8494)
   defining Unicode char U+2190 (decimal 8592)
   defining Unicode char U+2191 (decimal 8593)
   defining Unicode char U+2192 (decimal 8594)
   defining Unicode char U+2193 (decimal 8595)
   defining Unicode char U+2329 (decimal 9001)
   defining Unicode char U+232A (decimal 9002)
   defining Unicode char U+2422 (decimal 9250)
   defining Unicode char U+25E6 (decimal 9702)
   defining Unicode char U+25EF (decimal 9711)
   defining Unicode char U+266A (decimal 9834)
))
LaTeX Info: Redefining \oldstylenums on input line 334.
Package textcomp Info: Setting cmr sub-encoding to TS1/0 on input line 349.
Package textcomp Info: Setting cmss sub-encoding to TS1/0 on input line 350.
Package textcomp Info: Setting cmtt sub-encoding to TS1/0 on input line 351.
Package textcomp Info: Setting cmvtt sub-encoding to TS1/0 on input line 352.
Package textcomp Info: Setting cmbr sub-encoding to TS1/0 on input line 353.
Package textcomp Info: Setting cmtl sub-encoding to TS1/0 on input line 354.
Package textcomp Info: Setting ccr sub-encoding to TS1/0 on input line 355.
Package textcomp Info: Setting ptm sub-encoding to TS1/4 on input line 356.
Package textcomp Info: Setting pcr sub-encoding to TS1/4 on input line 357.
Package textcomp Info: Setting phv sub-encoding to TS1/4 on input line 358.
Package textcomp Info: Setting ppl sub-encoding to TS1/3 on input line 359.
Package textcomp Info: Setting pag sub-encoding to TS1/4 on input line 360.
Package textcomp Info: Setting pbk sub-encoding to TS1/4 on input line 361.
Package textcomp Info: Setting pnc sub-encoding to TS1/4 on input line 362.
Package textcomp Info: Setting pzc sub-encoding to TS1/4 on input line 363.
Package textcomp Info: Setting bch sub-encoding to TS1/4 on input line 364.
Package textcomp Info: Setting put sub-encoding to TS1/5 on input line 365.
Package textcomp Info: Setting uag sub-encoding to TS1/5 on input line 366.
Package textcomp Info: Setting ugq sub-encoding to TS1/5 on input line 367.
Package textcomp Info: Setting ul8 sub-encoding to TS1/4 on input line 368.
Package textcomp Info: Setting ul9 sub-encoding to TS1/4 on input line 369.
Package textcomp Info: Setting augie sub-encoding to TS1/5 on input line 370.
Package textcomp Info: Setting dayrom sub-encoding to TS1/3 on input line 371.
Package textcomp Info: Setting dayroms sub-encoding to TS1/3 on input line 372.

Package textcomp Info: Setting pxr sub-encoding to TS1/0 on input line 373.
Package textcomp Info: Setting pxss sub-encoding to TS1/0 on input line 374.
Package textcomp Info: Setting pxtt sub-encoding to TS1/0 on input line 375.
Package textcomp Info: Setting txr sub-encoding to TS1/0 on input line 376.
Package textcomp Info: Setting txss sub-encoding to TS1/0 on input line 377.
Package textcomp Info: Setting txtt sub-encoding to TS1/0 on input line 378.
Package textcomp Info: Setting lmr sub-encoding to TS1/0 on input line 379.
Package textcomp Info: Setting lmdh sub-encoding to TS1/0 on input line 380.
Package textcomp Info: Setting lmss sub-encoding to TS1/0 on input line 381.
Package textcomp Info: Setting lmssq sub-encoding to TS1/0 on input line 382.
Package textcomp Info: Setting lmvtt sub-encoding to TS1/0 on input line 383.
Package textcomp Info: Setting lmtt sub-encoding to TS1/0 on input line 384.
Package textcomp Info: Setting qhv sub-encoding to TS1/0 on input line 385.
Package textcomp Info: Setting qag sub-encoding to TS1/0 on input line 386.
Package textcomp Info: Setting qbk sub-encoding to TS1/0 on input line 387.
Package textcomp Info: Setting qcr sub-encoding to TS1/0 on input line 388.
Package textcomp Info: Setting qcs sub-encoding to TS1/0 on input line 389.
Package textcomp Info: Setting qpl sub-encoding to TS1/0 on input line 390.
Package textcomp Info: Setting qtm sub-encoding to TS1/0 on input line 391.
Package textcomp Info: Setting qzc sub-encoding to TS1/0 on input line 392.
Package textcomp Info: Setting qhvc sub-encoding to TS1/0 on input line 393.
Package textcomp Info: Setting futs sub-encoding to TS1/4 on input line 394.
Package textcomp Info: Setting futx sub-encoding to TS1/4 on input line 395.
Package textcomp Info: Setting futj sub-encoding to TS1/4 on input line 396.
Package textcomp Info: Setting hlh sub-encoding to TS1/3 on input line 397.
Package textcomp Info: Setting hls sub-encoding to TS1/3 on input line 398.
Package textcomp Info: Setting hlst sub-encoding to TS1/3 on input line 399.
Package textcomp Info: Setting hlct sub-encoding to TS1/5 on input line 400.
Package textcomp Info: Setting hlx sub-encoding to TS1/5 on input line 401.
Package textcomp Info: Setting hlce sub-encoding to TS1/5 on input line 402.
Package textcomp Info: Setting hlcn sub-encoding to TS1/5 on input line 403.
Package textcomp Info: Setting hlcw sub-encoding to TS1/5 on input line 404.
Package textcomp Info: Setting hlcf sub-encoding to TS1/5 on input line 405.
Package textcomp Info: Setting pplx sub-encoding to TS1/3 on input line 406.
Package textcomp Info: Setting pplj sub-encoding to TS1/3 on input line 407.
Package textcomp Info: Setting ptmx sub-encoding to TS1/4 on input line 408.
Package textcomp Info: Setting ptmj sub-encoding to TS1/4 on input line 409.
)
("C:\Program Files\MiKTeX 2.9\tex\latex\lm\lmodern.sty"
Package: lmodern 2009/10/30 v1.6 Latin Modern Fonts
LaTeX Font Info:    Overwriting symbol font `operators' in version `normal'
(Font)                  OT1/cmr/m/n --> OT1/lmr/m/n on input line 22.
LaTeX Font Info:    Overwriting symbol font `letters' in version `normal'
(Font)                  OML/cmm/m/it --> OML/lmm/m/it on input line 23.
LaTeX Font Info:    Overwriting symbol font `symbols' in version `normal'
(Font)                  OMS/cmsy/m/n --> OMS/lmsy/m/n on input line 24.
LaTeX Font Info:    Overwriting symbol font `largesymbols' in version `normal'
(Font)                  OMX/cmex/m/n --> OMX/lmex/m/n on input line 25.
LaTeX Font Info:    Overwriting symbol font `operators' in version `bold'
(Font)                  OT1/cmr/bx/n --> OT1/lmr/bx/n on input line 26.
LaTeX Font Info:    Overwriting symbol font `letters' in version `bold'
(Font)                  OML/cmm/b/it --> OML/lmm/b/it on input line 27.
LaTeX Font Info:    Overwriting symbol font `symbols' in version `bold'
(Font)                  OMS/cmsy/b/n --> OMS/lmsy/b/n on input line 28.
LaTeX Font Info:    Overwriting symbol font `largesymbols' in version `bold'
(Font)                  OMX/cmex/m/n --> OMX/lmex/m/n on input line 29.
LaTeX Font Info:    Overwriting math alphabet `\mathbf' in version `normal'
(Font)                  OT1/cmr/bx/n --> OT1/lmr/bx/n on input line 31.
LaTeX Font Info:    Overwriting math alphabet `\mathsf' in version `normal'
(Font)                  OT1/cmss/m/n --> OT1/lmss/m/n on input line 32.
LaTeX Font Info:    Overwriting math alphabet `\mathit' in version `normal'
(Font)                  OT1/cmr/m/it --> OT1/lmr/m/it on input line 33.
LaTeX Font Info:    Overwriting math alphabet `\mathtt' in version `normal'
(Font)                  OT1/cmtt/m/n --> OT1/lmtt/m/n on input line 34.
LaTeX Font Info:    Overwriting math alphabet `\mathbf' in version `bold'
(Font)                  OT1/cmr/bx/n --> OT1/lmr/bx/n on input line 35.
LaTeX Font Info:    Overwriting math alphabet `\mathsf' in version `bold'
(Font)                  OT1/cmss/bx/n --> OT1/lmss/bx/n on input line 36.
LaTeX Font Info:    Overwriting math alphabet `\mathit' in version `bold'
(Font)                  OT1/cmr/bx/it --> OT1/lmr/bx/it on input line 37.
LaTeX Font Info:    Overwriting math alphabet `\mathtt' in version `bold'
(Font)                  OT1/cmtt/m/n --> OT1/lmtt/m/n on input line 38.
)
("C:\Program Files\MiKTeX 2.9\tex\latex\tools\indentfirst.sty"
Package: indentfirst 1995/11/23 v1.03 Indent first paragraph (DPC)
)
("C:\Program Files\MiKTeX 2.9\tex\latex\fancyhdr\fancyhdr.sty"
Package: fancyhdr 2017/06/30 v3.9a Extensive control of page headers and footer
s
\f@nch@headwidth=\skip43
\f@nch@O@elh=\skip44
\f@nch@O@erh=\skip45
\f@nch@O@olh=\skip46
\f@nch@O@orh=\skip47
\f@nch@O@elf=\skip48
\f@nch@O@erf=\skip49
\f@nch@O@olf=\skip50
\f@nch@O@orf=\skip51
)

Package Fancyhdr Warning: \fancyhead's `E' option without twoside option is use
less on input line 29.


Package Fancyhdr Warning: \fancyhead's `E' option without twoside option is use
less on input line 31.

("C:\Program Files\MiKTeX 2.9\tex\latex\geometry\geometry.sty"
Package: geometry 2010/09/12 v5.6 Page Geometry

("C:\Program Files\MiKTeX 2.9\tex\latex\graphics\keyval.sty"
Package: keyval 2014/10/28 v1.15 key=value parser (DPC)
\KV@toks@=\toks16
)
("C:\Program Files\MiKTeX 2.9\tex\generic\oberdiek\ifpdf.sty"
Package: ifpdf 2017/03/15 v3.2 Provides the ifpdf switch
)
("C:\Program Files\MiKTeX 2.9\tex\generic\oberdiek\ifvtex.sty"
Package: ifvtex 2016/05/16 v1.6 Detect VTeX and its facilities (HO)
Package ifvtex Info: VTeX not detected.
)
("C:\Program Files\MiKTeX 2.9\tex\generic\ifxetex\ifxetex.sty"
Package: ifxetex 2010/09/12 v0.6 Provides ifxetex conditional
)
\Gm@cnth=\count88
\Gm@cntv=\count89
\c@Gm@tempcnt=\count90
\Gm@bindingoffset=\dimen104
\Gm@wd@mp=\dimen105
\Gm@odd@mp=\dimen106
\Gm@even@mp=\dimen107
\Gm@layoutwidth=\dimen108
\Gm@layoutheight=\dimen109
\Gm@layouthoffset=\dimen110
\Gm@layoutvoffset=\dimen111
\Gm@dimlist=\toks17

("C:\Program Files\MiKTeX 2.9\tex\latex\geometry\geometry.cfg"))

Package geometry Warning: Over-specification in `h'-direction.
    `width' (597.50787pt) is ignored.


Package geometry Warning: Over-specification in `v'-direction.
    `height' (845.04684pt) is ignored.

("C:\Program Files\MiKTeX 2.9\tex\latex\tabu\tabu.sty"
Package: tabu 2011/02/26 v2.8 - flexible LaTeX tabulars (FC)

("C:\Program Files\MiKTeX 2.9\tex\latex\tools\array.sty"
Package: array 2016/10/06 v2.4d Tabular extension package (FMi)
\col@sep=\dimen112
\extrarowheight=\dimen113
\NC@list=\toks18
\extratabsurround=\skip52
\backup@length=\skip53
)
("C:\Program Files\MiKTeX 2.9\tex\latex\ltxmisc\varwidth.sty"
Package: varwidth 2009/03/30 ver 0.92;  Variable-width minipages
\@vwid@box=\box26
\sift@deathcycles=\count91
\@vwid@loff=\dimen114
\@vwid@roff=\dimen115
)
\c@taburow=\count92
\tabu@nbcols=\count93
\tabu@cnt=\count94
\tabu@Xcol=\count95
\tabu@alloc=\count96
\tabu@nested=\count97
\tabu@target=\dimen116
\tabu@spreadtarget=\dimen117
\tabu@naturalX=\dimen118
\tabucolX=\dimen119
\tabu@Xsum=\dimen120
\extrarowdepth=\dimen121
\abovetabulinesep=\dimen122
\belowtabulinesep=\dimen123
\tabustrutrule=\dimen124
\tabu@thebody=\toks19
\tabu@footnotes=\toks20
\tabu@box=\box27
\tabu@arstrutbox=\box28
\tabu@hleads=\box29
\tabu@vleads=\box30
\tabu@cellskip=\skip54
)
("C:\Program Files\MiKTeX 2.9\tex\latex\tools\tabularx.sty"
Package: tabularx 2016/02/03 v2.11 `tabularx' package (DPC)
\TX@col@width=\dimen125
\TX@old@table=\dimen126
\TX@old@col=\dimen127
\TX@target=\dimen128
\TX@delta=\dimen129
\TX@cols=\count98
\TX@ftn=\toks21
)
("C:\Program Files\MiKTeX 2.9\tex\latex\ltablex\ltablex.sty"
Package: ltablex 2014/08/13 v1.1 Modified tabularx

("C:\Program Files\MiKTeX 2.9\tex\latex\tools\longtable.sty"
Package: longtable 2014/10/28 v4.11 Multi-page Table package (DPC)
\LTleft=\skip55
\LTright=\skip56
\LTpre=\skip57
\LTpost=\skip58
\LTchunksize=\count99
\LTcapwidth=\dimen130
\LT@head=\box31
\LT@firsthead=\box32
\LT@foot=\box33
\LT@lastfoot=\box34
\LT@cols=\count100
\LT@rows=\count101
\c@LT@tables=\count102
\c@LT@chunks=\count103
\LT@p@ftn=\toks22
))
("C:\Program Files\MiKTeX 2.9\tex\latex\float\float.sty"
Package: float 2001/11/08 v1.3d Float enhancements (AL)
\c@float@type=\count104
\float@exts=\toks23
\float@box=\box35
\@float@everytoks=\toks24
\@floatcapt=\box36
)
("C:\Program Files\MiKTeX 2.9\tex\latex\graphics\graphicx.sty"
Package: graphicx 2014/10/28 v1.0g Enhanced LaTeX Graphics (DPC,SPQR)

("C:\Program Files\MiKTeX 2.9\tex\latex\graphics\graphics.sty"
Package: graphics 2017/04/14 v1.1b Standard LaTeX Graphics (DPC,SPQR)

("C:\Program Files\MiKTeX 2.9\tex\latex\graphics\trig.sty"
Package: trig 2016/01/03 v1.10 sin cos tan (DPC)
)
("C:\Program Files\MiKTeX 2.9\tex\latex\graphics-cfg\graphics.cfg"
File: graphics.cfg 2016/06/04 v1.11 sample graphics configuration
)
Package graphics Info: Driver file: pdftex.def on input line 99.

("C:\Program Files\MiKTeX 2.9\tex\latex\graphics-def\pdftex.def"
File: pdftex.def 2017/01/12 v0.06k Graphics/color for pdfTeX

("C:\Program Files\MiKTeX 2.9\tex\generic\oberdiek\infwarerr.sty"
Package: infwarerr 2016/05/16 v1.4 Providing info/warning/error messages (HO)
)
("C:\Program Files\MiKTeX 2.9\tex\generic\oberdiek\ltxcmds.sty"
Package: ltxcmds 2016/05/16 v1.23 LaTeX kernel commands for general use (HO)
)
\Gread@gobject=\count105
))
\Gin@req@height=\dimen131
\Gin@req@width=\dimen132
)
("C:\Program Files\MiKTeX 2.9\tex\latex\xcolor\xcolor.sty"
Package: xcolor 2016/05/11 v2.12 LaTeX color extensions (UK)

("C:\Program Files\MiKTeX 2.9\tex\latex\graphics-cfg\color.cfg"
File: color.cfg 2016/01/02 v1.6 sample color configuration
)
Package xcolor Info: Driver file: pdftex.def on input line 225.

("C:\Program Files\MiKTeX 2.9\tex\latex\colortbl\colortbl.sty"
Package: colortbl 2012/02/13 v1.0a Color table columns (DPC)
\everycr=\toks25
\minrowclearance=\skip59
)
\rownum=\count106
Package xcolor Info: Model `cmy' substituted by `cmy0' on input line 1348.
Package xcolor Info: Model `hsb' substituted by `rgb' on input line 1352.
Package xcolor Info: Model `RGB' extended on input line 1364.
Package xcolor Info: Model `HTML' substituted by `rgb' on input line 1366.
Package xcolor Info: Model `Hsb' substituted by `hsb' on input line 1367.
Package xcolor Info: Model `tHsb' substituted by `hsb' on input line 1368.
Package xcolor Info: Model `HSB' substituted by `hsb' on input line 1369.
Package xcolor Info: Model `Gray' substituted by `gray' on input line 1370.
Package xcolor Info: Model `wave' substituted by `hsb' on input line 1371.

("C:\Program Files\MiKTeX 2.9\tex\latex\graphics\dvipsnam.def"
File: dvipsnam.def 2016/06/17 v3.0m Driver-dependent file (DPC,SPQR)
))
("C:\Program Files\MiKTeX 2.9\tex\latex\base\ifthen.sty"
Package: ifthen 2014/09/29 v1.1c Standard LaTeX ifthen package (DPC)
)
("C:\Program Files\MiKTeX 2.9\tex\latex\tools\xspace.sty"
Package: xspace 2014/10/28 v1.13 Space after command names (DPC,MH)
)
("C:\Program Files\MiKTeX 2.9\tex\latex\enumitem\enumitem.sty"
Package: enumitem 2011/09/28 v3.5.2 Customized lists
\labelindent=\skip60
\enit@outerparindent=\dimen133
\enit@toks=\toks26
\enit@inbox=\box37
\enitdp@description=\count107
)
("C:\Program Files\MiKTeX 2.9\tex\latex\amsfonts\amssymb.sty"
Package: amssymb 2013/01/14 v3.01 AMS font symbols

("C:\Program Files\MiKTeX 2.9\tex\latex\amsfonts\amsfonts.sty"
Package: amsfonts 2013/01/14 v3.01 Basic AMSFonts support
\@emptytoks=\toks27
\symAMSa=\mathgroup4
\symAMSb=\mathgroup5
LaTeX Font Info:    Overwriting math alphabet `\mathfrak' in version `bold'
(Font)                  U/euf/m/n --> U/euf/b/n on input line 106.
))
("C:\Program Files\MiKTeX 2.9\tex\latex\hyperref\hyperref.sty"
Package: hyperref 2017/03/14 v6.85a Hypertext links for LaTeX

("C:\Program Files\MiKTeX 2.9\tex\generic\oberdiek\hobsub-hyperref.sty"
Package: hobsub-hyperref 2016/05/16 v1.14 Bundle oberdiek, subset hyperref (HO)


("C:\Program Files\MiKTeX 2.9\tex\generic\oberdiek\hobsub-generic.sty"
Package: hobsub-generic 2016/05/16 v1.14 Bundle oberdiek, subset generic (HO)
Package: hobsub 2016/05/16 v1.14 Construct package bundles (HO)
Package hobsub Info: Skipping package `infwarerr' (already loaded).
Package hobsub Info: Skipping package `ltxcmds' (already loaded).
Package: ifluatex 2016/05/16 v1.4 Provides the ifluatex switch (HO)
Package ifluatex Info: LuaTeX not detected.
Package hobsub Info: Skipping package `ifvtex' (already loaded).
Package: intcalc 2016/05/16 v1.2 Expandable calculations with integers (HO)
Package hobsub Info: Skipping package `ifpdf' (already loaded).
Package: etexcmds 2016/05/16 v1.6 Avoid name clashes with e-TeX commands (HO)
Package etexcmds Info: Could not find \expanded.
(etexcmds)             That can mean that you are not using pdfTeX 1.50 or
(etexcmds)             that some package has redefined \expanded.
(etexcmds)             In the latter case, load this package earlier.
Package: kvsetkeys 2016/05/16 v1.17 Key value parser (HO)
Package: kvdefinekeys 2016/05/16 v1.4 Define keys (HO)
Package: pdftexcmds 2017/03/19 v0.25 Utility functions of pdfTeX for LuaTeX (HO
)
Package pdftexcmds Info: LuaTeX not detected.
Package pdftexcmds Info: \pdf@primitive is available.
Package pdftexcmds Info: \pdf@ifprimitive is available.
Package pdftexcmds Info: \pdfdraftmode found.
Package: pdfescape 2016/05/16 v1.14 Implements pdfTeX's escape features (HO)
Package: bigintcalc 2016/05/16 v1.4 Expandable calculations on big integers (HO
)
Package: bitset 2016/05/16 v1.2 Handle bit-vector datatype (HO)
Package: uniquecounter 2016/05/16 v1.3 Provide unlimited unique counter (HO)
)
Package hobsub Info: Skipping package `hobsub' (already loaded).
Package: letltxmacro 2016/05/16 v1.5 Let assignment for LaTeX macros (HO)
Package: hopatch 2016/05/16 v1.3 Wrapper for package hooks (HO)
Package: xcolor-patch 2016/05/16 xcolor patch
Package: atveryend 2016/05/16 v1.9 Hooks at the very end of document (HO)
Package atveryend Info: \enddocument detected (standard20110627).
Package: atbegshi 2016/06/09 v1.18 At begin shipout hook (HO)
Package: refcount 2016/05/16 v3.5 Data extraction from label references (HO)
Package: hycolor 2016/05/16 v1.8 Color options for hyperref/bookmark (HO)
)
("C:\Program Files\MiKTeX 2.9\tex\latex\oberdiek\auxhook.sty"
Package: auxhook 2016/05/16 v1.4 Hooks for auxiliary files (HO)
)
("C:\Program Files\MiKTeX 2.9\tex\latex\oberdiek\kvoptions.sty"
Package: kvoptions 2016/05/16 v3.12 Key value format for package options (HO)
)
\@linkdim=\dimen134
\Hy@linkcounter=\count108
\Hy@pagecounter=\count109

("C:\Program Files\MiKTeX 2.9\tex\latex\hyperref\pd1enc.def"
File: pd1enc.def 2017/03/14 v6.85a Hyperref: PDFDocEncoding definition (HO)
Now handling font encoding PD1 ...
... no UTF-8 mapping file for font encoding PD1
)
\Hy@SavedSpaceFactor=\count110

("C:\Program Files\MiKTeX 2.9\tex\latex\00miktex\hyperref.cfg"
File: hyperref.cfg 2002/06/06 v1.2 hyperref configuration of TeXLive
)
Package hyperref Info: Option `colorlinks' set `true' on input line 4374.
Package hyperref Info: Hyper figures OFF on input line 4498.
Package hyperref Info: Link nesting OFF on input line 4503.
Package hyperref Info: Hyper index ON on input line 4506.
Package hyperref Info: Plain pages OFF on input line 4513.
Package hyperref Info: Backreferencing OFF on input line 4518.
Package hyperref Info: Implicit mode ON; LaTeX internals redefined.
Package hyperref Info: Bookmarks ON on input line 4751.
\c@Hy@tempcnt=\count111

("C:\Program Files\MiKTeX 2.9\tex\latex\url\url.sty"
\Urlmuskip=\muskip10
Package: url 2013/09/16  ver 3.4  Verb mode for urls, etc.
)
LaTeX Info: Redefining \url on input line 5104.
\XeTeXLinkMargin=\dimen135
\Fld@menulength=\count112
\Field@Width=\dimen136
\Fld@charsize=\dimen137
Package hyperref Info: Hyper figures OFF on input line 6358.
Package hyperref Info: Link nesting OFF on input line 6363.
Package hyperref Info: Hyper index ON on input line 6366.
Package hyperref Info: backreferencing OFF on input line 6373.
Package hyperref Info: Link coloring ON on input line 6376.
Package hyperref Info: Link coloring with OCG OFF on input line 6383.
Package hyperref Info: PDF/A mode OFF on input line 6388.
LaTeX Info: Redefining \ref on input line 6428.
LaTeX Info: Redefining \pageref on input line 6432.
\Hy@abspage=\count113
\c@Item=\count114
\c@Hfootnote=\count115
)

Package hyperref Message: Driver: hpdftex.

("C:\Program Files\MiKTeX 2.9\tex\latex\hyperref\hpdftex.def"
File: hpdftex.def 2017/03/14 v6.85a Hyperref driver for pdfTeX
\Fld@listcount=\count116
\c@bookmark@seq@number=\count117

("C:\Program Files\MiKTeX 2.9\tex\latex\oberdiek\rerunfilecheck.sty"
Package: rerunfilecheck 2016/05/16 v1.8 Rerun checks for auxiliary files (HO)
Package uniquecounter Info: New unique counter `rerunfilecheck' on input line 2
82.
)
\Hy@SectionHShift=\skip61
)
Package hyperref Info: Option `colorlinks' set `true' on input line 73.
)
("Travlendar+ DD.aux")
\openout1 = `"Travlendar+ DD.aux"'.

LaTeX Font Info:    Checking defaults for OML/cmm/m/it on input line 3.
LaTeX Font Info:    ... okay on input line 3.
LaTeX Font Info:    Checking defaults for T1/cmr/m/n on input line 3.
LaTeX Font Info:    ... okay on input line 3.
LaTeX Font Info:    Checking defaults for OT1/cmr/m/n on input line 3.
LaTeX Font Info:    ... okay on input line 3.
LaTeX Font Info:    Checking defaults for OMS/cmsy/m/n on input line 3.
LaTeX Font Info:    ... okay on input line 3.
LaTeX Font Info:    Checking defaults for OMX/cmex/m/n on input line 3.
LaTeX Font Info:    ... okay on input line 3.
LaTeX Font Info:    Checking defaults for U/cmr/m/n on input line 3.
LaTeX Font Info:    ... okay on input line 3.
LaTeX Font Info:    Checking defaults for TS1/cmr/m/n on input line 3.
LaTeX Font Info:    Try loading font information for TS1+cmr on input line 3.
 ("C:\Program Files\MiKTeX 2.9\tex\latex\base\ts1cmr.fd"
File: ts1cmr.fd 2014/09/29 v2.5h Standard LaTeX font definitions
)
LaTeX Font Info:    ... okay on input line 3.
LaTeX Font Info:    Checking defaults for PD1/pdf/m/n on input line 3.
LaTeX Font Info:    ... okay on input line 3.
LaTeX Font Info:    Try loading font information for T1+lmr on input line 3.
("C:\Program Files\MiKTeX 2.9\tex\latex\lm\t1lmr.fd"
File: t1lmr.fd 2009/10/30 v1.6 Font defs for Latin Modern
)
*geometry* driver: auto-detecting
*geometry* detected driver: pdftex
*geometry* verbose mode - [ preamble ] result:
* driver: pdftex
* paper: a4paper
* layout: <same size as paper>
* layoutoffset:(h,v)=(0.0pt,0.0pt)
* modes: 
* h-part:(L,W,R)=(71.13188pt, 455.24411pt, 71.13188pt)
* v-part:(T,H,B)=(99.58464pt, 674.33032pt, 71.13188pt)
* \paperwidth=597.50787pt
* \paperheight=845.04684pt
* \textwidth=455.24411pt
* \textheight=674.33032pt
* \oddsidemargin=-1.1381pt
* \evensidemargin=-1.1381pt
* \topmargin=-13.13809pt
* \headheight=12.0pt
* \headsep=28.45274pt
* \topskip=11.0pt
* \footskip=30.0pt
* \marginparwidth=50.0pt
* \marginparsep=10.0pt
* \columnsep=10.0pt
* \skip\footins=10.0pt plus 4.0pt minus 2.0pt
* \hoffset=0.0pt
* \voffset=0.0pt
* \mag=1000
* \@twocolumnfalse
* \@twosidefalse
* \@mparswitchfalse
* \@reversemarginfalse
* (1in=72.27pt=25.4mm, 1cm=28.453pt)

("C:\Program Files\MiKTeX 2.9\tex\context\base\supp-pdf.mkii"
[Loading MPS to PDF converter (version 2006.09.02).]
\scratchcounter=\count118
\scratchdimen=\dimen138
\scratchbox=\box38
\nofMPsegments=\count119
\nofMParguments=\count120
\everyMPshowfont=\toks28
\MPscratchCnt=\count121
\MPscratchDim=\dimen139
\MPnumerator=\count122
\makeMPintoPDFobject=\count123
\everyMPtoPDFconversion=\toks29
) ("C:\Program Files\MiKTeX 2.9\tex\latex\oberdiek\epstopdf-base.sty"
Package: epstopdf-base 2016/05/15 v2.6 Base part for package epstopdf

("C:\Program Files\MiKTeX 2.9\tex\latex\oberdiek\grfext.sty"
Package: grfext 2016/05/16 v1.2 Manage graphics extensions (HO)
)
Package epstopdf-base Info: Redefining graphics rule for `.eps' on input line 4
38.
Package grfext Info: Graphics extension search list:
(grfext)             [.png,.pdf,.jpg,.mps,.jpeg,.jbig2,.jb2,.PNG,.PDF,.JPG,.JPE
G,.JBIG2,.JB2,.eps]
(grfext)             \AppendGraphicsExtensions on input line 456.
)
\AtBeginShipoutBox=\box39
Package hyperref Info: Link coloring ON on input line 3.

("C:\Program Files\MiKTeX 2.9\tex\latex\hyperref\nameref.sty"
Package: nameref 2016/05/21 v2.44 Cross-referencing by name of section

("C:\Program Files\MiKTeX 2.9\tex\generic\oberdiek\gettitlestring.sty"
Package: gettitlestring 2016/05/16 v1.5 Cleanup title references (HO)
)
\c@section@level=\count124
)
LaTeX Info: Redefining \ref on input line 3.
LaTeX Info: Redefining \pageref on input line 3.
LaTeX Info: Redefining \nameref on input line 3.

("Travlendar+ DD.out") ("Travlendar+ DD.out")
\@outlinefile=\write3
\openout3 = `"Travlendar+ DD.out"'.


<Images/Polimi_Logo.png, id=151, 405.515pt x 125.46875pt>
File: Images/Polimi_Logo.png Graphic file (type png)

<use Images/Polimi_Logo.png>
Package pdftex.def Info: Images/Polimi_Logo.png used on input line 10.
(pdftex.def)             Requested size: 283.85855pt x 87.82751pt.
 [1

{C:/ProgramData/MiKTeX/2.9/pdftex/config/pdftex.map} <./Images/Polimi_Logo.png>
] ("Travlendar+ DD.toc"
LaTeX Font Info:    Try loading font information for OT1+lmr on input line 3.

("C:\Program Files\MiKTeX 2.9\tex\latex\lm\ot1lmr.fd"
File: ot1lmr.fd 2009/10/30 v1.6 Font defs for Latin Modern
)
LaTeX Font Info:    Try loading font information for OML+lmm on input line 3.

("C:\Program Files\MiKTeX 2.9\tex\latex\lm\omllmm.fd"
File: omllmm.fd 2009/10/30 v1.6 Font defs for Latin Modern
)
LaTeX Font Info:    Try loading font information for OMS+lmsy on input line 3.

("C:\Program Files\MiKTeX 2.9\tex\latex\lm\omslmsy.fd"
File: omslmsy.fd 2009/10/30 v1.6 Font defs for Latin Modern
)
LaTeX Font Info:    Try loading font information for OMX+lmex on input line 3.

("C:\Program Files\MiKTeX 2.9\tex\latex\lm\omxlmex.fd"
File: omxlmex.fd 2009/10/30 v1.6 Font defs for Latin Modern
)
LaTeX Font Info:    External font `lmex10' loaded for size
(Font)              <10.95> on input line 3.
LaTeX Font Info:    External font `lmex10' loaded for size
(Font)              <8> on input line 3.
LaTeX Font Info:    External font `lmex10' loaded for size
(Font)              <6> on input line 3.
LaTeX Font Info:    Try loading font information for U+msa on input line 3.

("C:\Program Files\MiKTeX 2.9\tex\latex\amsfonts\umsa.fd"
File: umsa.fd 2013/01/14 v3.01 AMS symbols A
)
LaTeX Font Info:    Try loading font information for U+msb on input line 3.

("C:\Program Files\MiKTeX 2.9\tex\latex\amsfonts\umsb.fd"
File: umsb.fd 2013/01/14 v3.01 AMS symbols B
))
\tf@toc=\write4
\openout4 = `"Travlendar+ DD.toc"'.



Package Fancyhdr Warning: \headheight is too small (12.0pt): 
 Make it at least 13.59999pt.
 We now make it that large for the rest of the document.
 This may cause the page layout to be inconsistent, however.

LaTeX Font Info:    Try loading font information for TS1+lmr on input line 32.
("C:\Program Files\MiKTeX 2.9\tex\latex\lm\ts1lmr.fd"
File: ts1lmr.fd 2009/10/30 v1.6 Font defs for Latin Modern
)pdfTeX warning (ext4): destination with the same identifier (name{page.1}) has
 been already used, duplicate ignored
<to be read again> 
                   \relax 
l.32 	\newpage
               [1] ("Travlendar+ DD.lof")
\tf@lof=\write5
\openout5 = `"Travlendar+ DD.lof"'.

 [2]
LaTeX Font Info:    Try loading font information for T1+lmtt on input line 38.

("C:\Program Files\MiKTeX 2.9\tex\latex\lm\t1lmtt.fd"
File: t1lmtt.fd 2009/10/30 v1.6 Font defs for Latin Modern
)
(Files/1_Introduction.tex
Underfull \hbox (badness 10000) in paragraph at lines 5--9
 []\T1/lmtt/m/n/10.95 This document has the aim of entering into the detail of 
Travlendar+
 []


Underfull \hbox (badness 10000) in paragraph at lines 5--9
 \T1/lmtt/m/n/10.95 system. We will show the software architecture that we have
 designed for
 []


Underfull \hbox (badness 10000) in paragraph at lines 5--9
 \T1/lmtt/m/n/10.95 our system with different levels of abstraction, analyzing 
deeply the main
 []


Underfull \hbox (badness 10000) in paragraph at lines 5--9
 \T1/lmtt/m/n/10.95 components. Additionally we will exhibit a runtime view of 
the system,
 []


Underfull \hbox (badness 10000) in paragraph at lines 5--9
 \T1/lmtt/m/n/10.95 showing as the various components will interact between the
mself specifying
 []


Underfull \hbox (badness 10000) in paragraph at lines 5--9
 \T1/lmtt/m/n/10.95 architectural and design pattern used. Finally we will pres
ent the critical
 []


Underfull \hbox (badness 10000) in paragraph at lines 5--9
 \T1/lmtt/m/n/10.95 algorithm implemented, a requirement - software componets c
orrespondency and
 []


Underfull \hbox (badness 10000) in paragraph at lines 11--11
 []\T1/lmtt/m/n/10.95 Travlendar+ is a calendar-based application that has the 
aim of
 []


Underfull \hbox (badness 10000) in paragraph at lines 11--11
 \T1/lmtt/m/n/10.95 managing the many meetings, events and appointments that a 
user has to
 []


Underfull \hbox (badness 10000) in paragraph at lines 12--12
 []\T1/lmtt/m/n/10.95 The system will let the user create events in his persona
l calendar,
 []


Underfull \hbox (badness 10000) in paragraph at lines 12--12
 \T1/lmtt/m/n/10.95 checking if he is able to reach them on time and supporting
 his choices
 []


Underfull \hbox (badness 10000) in paragraph at lines 13--16
 []\T1/lmtt/m/n/10.95 Travlendar+ will also give the user the possibility to bu
y tickets of a
 []


Underfull \hbox (badness 10000) in paragraph at lines 13--16
 \T1/lmtt/m/n/10.95 town's public and private means of transport and it will al
so allow him to
 []


Underfull \hbox (badness 10000) in paragraph at lines 13--16
 \T1/lmtt/m/n/10.95 manage his travels to reach other cities, creating specific
 travel events in
 []

LaTeX Font Info:    Try loading font information for TS1+lmtt on input line 17.

("C:\Program Files\MiKTeX 2.9\tex\latex\lm\ts1lmtt.fd"
File: ts1lmtt.fd 2009/10/30 v1.6 Font defs for Latin Modern
)
Underfull \hbox (badness 10000) in paragraph at lines 17--18
 []\T1/lmtt/m/n/10.95 The possibility to register the season ticket for the pub
lic transport.
 []


Underfull \hbox (badness 10000) in paragraph at lines 18--19
 []\T1/lmtt/m/n/10.95 The possibility to set the starting time, ending time and
 the preferred
 []


Underfull \hbox (badness 10000) in paragraph at lines 18--19
 \T1/lmtt/m/n/10.95 duration of every day lunch. The system will guarantee to r
eserve at
 []


Underfull \hbox (badness 10000) in paragraph at lines 19--20
 []\T1/lmtt/m/n/10.95 In case of outdoor trips, the user will be able to insert
 the period
 []


Underfull \hbox (badness 10000) in paragraph at lines 19--20
 \T1/lmtt/m/n/10.95 he will spend out of town and the system will suggest him t
he most
 []


Underfull \hbox (badness 10000) in paragraph at lines 19--20
 \T1/lmtt/m/n/10.95 convenient transport tickets available, keeping in mind the
 information
 []


Underfull \hbox (badness 10000) in paragraph at lines 20--21
 []\T1/lmtt/m/n/10.95 The possibility of setting the anticipation time for reac
hing the
 []


Underfull \hbox (badness 10000) in paragraph at lines 20--21
 \T1/lmtt/m/n/10.95 various events. The system will warn the user when he needs
 to leave
 []

) [3] (Files/2_Architectural_Design.tex
Overfull \hbox (1.34381pt too wide) in paragraph at lines 5--5
 []\T1/lmtt/m/n/10.95 In this chapter we will analyze the proposed architecture
 and components
 []


Underfull \hbox (badness 10000) in paragraph at lines 9--10
 []\T1/lmtt/m/it/10.95 Presentation Tier : \T1/lmtt/m/n/10.95 represented by Br
owser and Mobile App. It's how
 []


Underfull \hbox (badness 10000) in paragraph at lines 10--11
 []\T1/lmtt/m/it/10.95 Web and Business Tier : \T1/lmtt/m/n/10.95 represented b
y Web Server, which contains
 []


Overfull \hbox (11.7636pt too wide) in paragraph at lines 10--11
 \T1/lmtt/m/n/10.95 javascript and html code in order to create dynamic pages, 
and Application
 []


Underfull \hbox (badness 10000) in paragraph at lines 10--11
 \T1/lmtt/m/n/10.95 Server, which contains all the system's logic (the so calle
d Business
 []


Underfull \hbox (badness 10000) in paragraph at lines 11--12
 []\T1/lmtt/m/it/10.95 Database Tier : \T1/lmtt/m/n/10.95 represented by DB Ser
ver, that contains and manages
 []


<Images/Architecture/Proposed_Architecture.png, id=221, 722.7pt x 458.46281pt>
File: Images/Architecture/Proposed_Architecture.png Graphic file (type png)

<use Images/Architecture/Proposed_Architecture.png>
Package pdftex.def Info: Images/Architecture/Proposed_Architecture.png used on 
input line 15.
(pdftex.def)             Requested size: 289.07487pt x 183.38187pt.

<Images/Architecture/Components_High_Level.png, id=222, 964.60374pt x 262.9825p
t>
File: Images/Architecture/Components_High_Level.png Graphic file (type png)
 <use Images/Architecture/Components_High_Level.png>
Package pdftex.def Info: Images/Architecture/Components_High_Level.png used on 
input line 23.
(pdftex.def)             Requested size: 385.83466pt x 105.19113pt.

Underfull \hbox (badness 10000) in paragraph at lines 30--31
 []\T1/lmtt/m/it/10.95 On the Client Side : \T1/lmtt/m/n/10.95 The Mobile App o
f Travlendar+ for all users that
 []


Underfull \hbox (badness 10000) in paragraph at lines 30--31
 \T1/lmtt/m/n/10.95 uses a smartphone and has already downloaded it or the Web 
Browser for
 []

[4 <./Images/Architecture/Proposed_Architecture.png> <./Images/Architecture/Com
ponents_High_Level.png>]
Underfull \hbox (badness 10000) in paragraph at lines 31--32
 []\T1/lmtt/m/it/10.95 On the Server Side : \T1/lmtt/m/n/10.95 The Web Server t
hat, as told before, creates
 []


Underfull \hbox (badness 10000) in paragraph at lines 31--32
 \T1/lmtt/m/n/10.95 dynamic html and js pages, for the Web Browser, using data 
elaborated
 []


Underfull \hbox (badness 10000) in paragraph at lines 31--32
 \T1/lmtt/m/n/10.95 by the server's logic and the Application that is actually 
the server's
 []


Underfull \hbox (badness 10000) in paragraph at lines 31--32
 \T1/lmtt/m/n/10.95 logic. There is also a third component, the External Commun
ication
 []


Underfull \hbox (badness 10000) in paragraph at lines 31--32
 \T1/lmtt/m/n/10.95 Server, that manages the communication of our server with t
he external
 []


Underfull \hbox (badness 10000) in paragraph at lines 31--32
 \T1/lmtt/m/n/10.95 ones, such as Google servers or Transport Service servers, 
in order to
 []


Underfull \hbox (badness 10000) in paragraph at lines 32--33
 []\T1/lmtt/m/it/10.95 On the Database Side : \T1/lmtt/m/n/10.95 The Database u
sed to contain and manage all
 []


<Images/Architecture/Components_View.png, id=230, 2361.82375pt x 1133.23375pt>
File: Images/Architecture/Components_View.png Graphic file (type png)

<use Images/Architecture/Components_View.png>
Package pdftex.def Info: Images/Architecture/Components_View.png used on input 
line 38.
(pdftex.def)             Requested size: 401.50473pt x 192.64719pt.

Underfull \hbox (badness 10000) in paragraph at lines 42--42
 []\T1/lmtt/m/n/10.95 This is the component responsible for the communication b
etween
 []


Underfull \hbox (badness 10000) in paragraph at lines 42--42
 \T1/lmtt/m/n/10.95 user's devices, like user's smartphone, and the rest of the
 system. It
 []


Underfull \hbox (badness 10000) in paragraph at lines 42--42
 \T1/lmtt/m/n/10.95 will exchange REST messages with the \T1/lmtt/m/it/10.95 us
erInterface \T1/lmtt/m/n/10.95 and will render the
 []


Underfull \hbox (badness 10000) in paragraph at lines 43--43
 []\T1/lmtt/m/n/10.95 In order to communicate with the server the component wil
l use
 []


Underfull \hbox (badness 10000) in paragraph at lines 43--43
 \T1/lmtt/m/n/10.95 specific frameworks and libraries depending on the specific
 device used by
 []


Underfull \hbox (badness 10000) in paragraph at lines 47--47
 []\T1/lmtt/m/n/10.95 This is the component responsible for the communication b
etween users
 []


Underfull \hbox (badness 10000) in paragraph at lines 48--49
 []\T1/lmtt/m/n/10.95 It sends HTTP requests to the \T1/lmtt/m/it/10.95 webInte
rface \T1/lmtt/m/n/10.95 in order to get back from
 []


Underfull \hbox (badness 10000) in paragraph at lines 48--49
 \T1/lmtt/m/n/10.95 the server HTML pages and static resources like CSS and Jav
aScript files.
 []


Underfull \hbox (badness 10000) in paragraph at lines 48--49
 \T1/lmtt/m/n/10.95 This because it has to be as light as possible in order to 
not fully
 []

[5 <./Images/Architecture/Components_View.png>]
Underfull \hbox (badness 10000) in paragraph at lines 51--51
 []\T1/lmtt/m/n/10.95 As told before this component is responsible for the HTTP
 responses
 []


Underfull \hbox (badness 10000) in paragraph at lines 51--51
 \T1/lmtt/m/n/10.95 of the \T1/lmtt/m/it/10.95 webInterface\T1/lmtt/m/n/10.95 .
 It's main function it's to elaborate pages, generate
 []


Underfull \hbox (badness 10000) in paragraph at lines 52--53
 []\T1/lmtt/m/n/10.95 An example is the Apache HTTP Server, a very common used 
one. It's
 []


Underfull \hbox (badness 10000) in paragraph at lines 52--53
 \T1/lmtt/m/n/10.95 cross-platform, highly scalable and use a \T1/lmtt/m/it/10.
95 gzip \T1/lmtt/m/n/10.95 module to reduce web pages
 []


Underfull \hbox (badness 10000) in paragraph at lines 55--56
 []\T1/lmtt/m/n/10.95 This is one of the most important components of the serve
r because
 []


Underfull \hbox (badness 10000) in paragraph at lines 55--56
 \T1/lmtt/m/n/10.95 handles the communication with the user, so it takes care a
lso of all
 []


Underfull \hbox (badness 10000) in paragraph at lines 55--56
 \T1/lmtt/m/n/10.95 possible breakouts or errors that may occur in runtime, and
 it also
 []


Underfull \hbox (badness 10000) in paragraph at lines 55--56
 \T1/lmtt/m/n/10.95 manages all user's request redirecting them to other server
's specific
 []


Underfull \hbox (badness 10000) in paragraph at lines 58--59
 []\T1/lmtt/m/n/10.95 It allows user to register and login to the system memori
zing and
 []


Underfull \hbox (badness 10000) in paragraph at lines 61--62
 []\T1/lmtt/m/n/10.95 It allows user to set all his preferences such as carbon 
footprint,
 []


Underfull \hbox (badness 10000) in paragraph at lines 61--62
 \T1/lmtt/m/n/10.95 TAGs, residence location, etc... So its aim is to memorize 
these
 []


Underfull \hbox (badness 10000) in paragraph at lines 61--62
 \T1/lmtt/m/n/10.95 preferences' data in the DB through the Repository Manager 
and get them
 []


Underfull \hbox (badness 10000) in paragraph at lines 64--65
 []\T1/lmtt/m/n/10.95 This component handles all user's trips, allowing him to 
add, delete
 []


Underfull \hbox (badness 10000) in paragraph at lines 64--65
 \T1/lmtt/m/n/10.95 or edit trips. It allows also user to buy tickets to reach 
the trip's
 []


Underfull \hbox (badness 10000) in paragraph at lines 64--65
 \T1/lmtt/m/n/10.95 location (through the Outdoor Transport Tickets component) 
and tickets
 []


Underfull \hbox (badness 10000) in paragraph at lines 64--65
 \T1/lmtt/m/n/10.95 to take the local transport service in the destination city
 (through the
 []


Underfull \hbox (badness 10000) in paragraph at lines 67--69
 []\T1/lmtt/m/n/10.95 This component takes care of user's calendar managing the
 events that
 []


Underfull \hbox (badness 10000) in paragraph at lines 67--69
 \T1/lmtt/m/n/10.95 the user wants to add, delete, edit or visualize, so every 
time the user
 []


Underfull \hbox (badness 10000) in paragraph at lines 70--71
 []\T1/lmtt/m/it/10.95 insert or edit an event \T1/lmtt/m/n/10.95 this componen
t will check through the
 []


Underfull \hbox (badness 10000) in paragraph at lines 70--71
 \T1/lmtt/m/n/10.95 Repository Manager if in the DB there is an overlap, so if 
there's
 []


Underfull \hbox (badness 10000) in paragraph at lines 70--71
 \T1/lmtt/m/n/10.95 already a planned event in that specific moment, and if the
 event
 []


Underfull \hbox (badness 10000) in paragraph at lines 70--71
 \T1/lmtt/m/n/10.95 is reachable from the previous one (using also Transport Ma
nager to
 []

[6]
Underfull \hbox (badness 10000) in paragraph at lines 72--73
 []\T1/lmtt/m/it/10.95 visualize an event \T1/lmtt/m/n/10.95 this component wil
l check through the Transport
 []


Underfull \hbox (badness 10000) in paragraph at lines 72--73
 \T1/lmtt/m/n/10.95 Manager the available means of transport, the time needed a
nd the
 []


Underfull \hbox (badness 10000) in paragraph at lines 76--78
 []\T1/lmtt/m/n/10.95 This componet handles all event's means of transport and 
tickets. In
 []


Underfull \hbox (badness 10000) in paragraph at lines 81--82
 []\T1/lmtt/m/n/10.95 the means available to reach the event (received by the r
oute
 []


Underfull \hbox (badness 10000) in paragraph at lines 88--90
 []\T1/lmtt/m/n/10.95 This component handles the communication with the route p
rovider in
 []


Underfull \hbox (badness 10000) in paragraph at lines 88--90
 \T1/lmtt/m/n/10.95 order to get maps, means and routes to reach a specific des
tination. To
 []


Underfull \hbox (badness 10000) in paragraph at lines 88--90
 \T1/lmtt/m/n/10.95 get these info it uses API requests (an example are Google 
APIs). It also
 []


Underfull \hbox (badness 10000) in paragraph at lines 88--90
 \T1/lmtt/m/n/10.95 parses and elaborates the API responses in specific structu
res in order to
 []


Underfull \hbox (badness 10000) in paragraph at lines 92--94
 []\T1/lmtt/m/n/10.95 This component is used from our system to check weather a
nd transport
 []


Underfull \hbox (badness 10000) in paragraph at lines 92--94
 \T1/lmtt/m/n/10.95 strikes. It uses API requests to check if the next day it's
 going to
 []


Underfull \hbox (badness 10000) in paragraph at lines 92--94
 \T1/lmtt/m/n/10.95 rain, in order to warn all user about the weather's conditi
on and also to
 []


Underfull \hbox (badness 10000) in paragraph at lines 92--94
 \T1/lmtt/m/n/10.95 check if there will be transport strikes, in order to warn 
the user that
 []


Underfull \hbox (badness 10000) in paragraph at lines 96--97
 []\T1/lmtt/m/n/10.95 This component allows our server to communicate with exte
rnal sharing
 []


Underfull \hbox (badness 10000) in paragraph at lines 99--100
 []\T1/lmtt/m/n/10.95 It takes care of the communication with the local transpo
rt services
 []


Underfull \hbox (badness 10000) in paragraph at lines 99--100
 \T1/lmtt/m/n/10.95 in order to get information about the available tickets, su
ggesting to the
 []


Underfull \hbox (badness 10000) in paragraph at lines 102--103
 []\T1/lmtt/m/n/10.95 It takes care of the communication with the outdoor trans
port
 []


Underfull \hbox (badness 10000) in paragraph at lines 102--103
 \T1/lmtt/m/n/10.95 services in order get information about the available ticke
ts and means of
 []

[7]
Underfull \hbox (badness 10000) in paragraph at lines 114--116
 \T1/lmtt/m/n/10.95 Our system architecture proves to be a mix between three we
ll known
 []


Underfull \hbox (badness 10000) in paragraph at lines 125--126
 []\T1/lmtt/m/n/10.95 The system is divided in three main layers: Presentation 
Layer,
 []


Underfull \hbox (badness 10000) in paragraph at lines 127--129
 []\T1/lmtt/m/n/10.95 The presentation layer is both a web-based application an
d a mobile
 []


Underfull \hbox (badness 10000) in paragraph at lines 127--129
 \T1/lmtt/m/n/10.95 application. For the web application we will have a very th
in client with
 []


Underfull \hbox (badness 10000) in paragraph at lines 127--129
 \T1/lmtt/m/n/10.95 the only aim of performing requests, through a web server, 
to the Business
 []


Underfull \hbox (badness 10000) in paragraph at lines 127--129
 \T1/lmtt/m/n/10.95 layer and receiving the HTML pages with the demanded inform
ation. On the
 []


Underfull \hbox (badness 10000) in paragraph at lines 127--129
 \T1/lmtt/m/n/10.95 other hand, the mobile application will not require an inte
rface with the
 []


Underfull \hbox (badness 10000) in paragraph at lines 127--129
 \T1/lmtt/m/n/10.95 web server because it will have all the logic for communica
ting directly
 []


Underfull \hbox (badness 10000) in paragraph at lines 130--131
 []\T1/lmtt/m/n/10.95 The main server will contain all the logic of the system.
 The main
 []


Underfull \hbox (badness 10000) in paragraph at lines 130--131
 \T1/lmtt/m/n/10.95 component of the logic will be the User manager. This compo
nent will
 []


Underfull \hbox (badness 10000) in paragraph at lines 130--131
 \T1/lmtt/m/n/10.95 perform as the Main program in the Main program with subrou
tines style: it
 []


Underfull \hbox (badness 10000) in paragraph at lines 130--131
 \T1/lmtt/m/n/10.95 will receive the requests from the clients and call the rig
ht sub-component
 []


Underfull \hbox (badness 10000) in paragraph at lines 132--133
 []\T1/lmtt/m/n/10.95 Our system, being a calendar based application, will have
 the main
 []


Underfull \hbox (badness 10000) in paragraph at lines 132--133
 \T1/lmtt/m/n/10.95 issue of managing a richly structured body of information. 
In our case
 []


Underfull \hbox (badness 10000) in paragraph at lines 132--133
 \T1/lmtt/m/n/10.95 these information will be persistently stored in multiple D
ata Bases, each
 []


Underfull \hbox (badness 10000) in paragraph at lines 132--133
 \T1/lmtt/m/n/10.95 one containing a precise schema with a precise kind of data
, and they always
 []


Underfull \hbox (badness 10000) in paragraph at lines 132--133
 \T1/lmtt/m/n/10.95 have to reflect the true state of affairs. For this reason 
every client's
 []


Underfull \hbox (badness 10000) in paragraph at lines 132--133
 \T1/lmtt/m/n/10.95 requests that will implicate a changing data operation is p
receded by a
 []


Underfull \hbox (badness 10000) in paragraph at lines 132--133
 \T1/lmtt/m/n/10.95 set of controls performed by defined control components des
ignated to the
 []


Underfull \hbox (badness 10000) in paragraph at lines 134--135
 []\T1/lmtt/m/n/10.95 if the requests will pass the check steps a special compo
nent called
 []


Underfull \hbox (badness 10000) in paragraph at lines 134--135
 \T1/lmtt/m/n/10.95 Repository Manager is activated. This component will offer 
function that
 []


Underfull \hbox (badness 10000) in paragraph at lines 134--135
 \T1/lmtt/m/n/10.95 performs all the operation that change the DBs' state with 
an high level
 []


Underfull \hbox (badness 10000) in paragraph at lines 134--135
 \T1/lmtt/m/n/10.95 of abstraction. In fact these methods will be constituted b
y a composition
 []


Underfull \hbox (badness 10000) in paragraph at lines 134--135
 \T1/lmtt/m/n/10.95 of DBMS operation that accomplish the aim of the requests: 
in this way the
 []


Underfull \hbox (badness 10000) in paragraph at lines 134--135
 \T1/lmtt/m/n/10.95 complexity of articulated DB operation is hidden to the cal
ler and is very
 []

[8]
Underfull \hbox (badness 10000) in paragraph at lines 136--138
 []\T1/lmtt/m/n/10.95 An essential our system business, as said in the RASD, wi
ll be to
 []


Underfull \hbox (badness 10000) in paragraph at lines 136--138
 \T1/lmtt/m/n/10.95 provide directions related to the precise travel means, sha
ring means'
 []


Underfull \hbox (badness 10000) in paragraph at lines 136--138
 \T1/lmtt/m/n/10.95 position and give tickets information about local and outdo
or public
 []


Underfull \hbox (badness 10000) in paragraph at lines 136--138
 \T1/lmtt/m/n/10.95 transport. All these information will not be stored in our 
DBs, but they
 []


Underfull \hbox (badness 10000) in paragraph at lines 136--138
 \T1/lmtt/m/n/10.95 will be retrieved with API REST requests to fitting externa
l services. For
 []


Underfull \hbox (badness 10000) in paragraph at lines 136--138
 \T1/lmtt/m/n/10.95 this goal we will use a SOA style. In our system we will ha
ve a component
 []


Underfull \hbox (badness 10000) in paragraph at lines 136--138
 \T1/lmtt/m/n/10.95 called Transport manager that will be able to distinguish t
he kind of the
 []


Underfull \hbox (badness 10000) in paragraph at lines 136--138
 \T1/lmtt/m/n/10.95 request and demand the aim of submitting it to the right ex
ternal service
 []


Underfull \hbox (badness 10000) in paragraph at lines 136--138
 \T1/lmtt/m/n/10.95 to another precise component devoted to a certain type of e
xternal services
 []


Underfull \hbox (badness 10000) in paragraph at lines 136--138
 \T1/lmtt/m/n/10.95 connections. Once received the information, their manipulat
ion will be
 []


Underfull \hbox (badness 10000) in paragraph at lines 136--138
 \T1/lmtt/m/n/10.95 performed internally to the business logic of the system. I
n these way
 []


Underfull \hbox (badness 10000) in paragraph at lines 136--138
 \T1/lmtt/m/n/10.95 we will have the possibility of adding new components for i
ncoming kind of
 []


Underfull \hbox (badness 10000) in paragraph at lines 139--140
 []\T1/lmtt/m/n/10.95 The last style exploited is the Event based Architectural
 style, and
 []


Underfull \hbox (badness 10000) in paragraph at lines 139--140
 \T1/lmtt/m/n/10.95 it is used for the notification system always attending par
ticular events
 []


Underfull \hbox (badness 10000) in paragraph at lines 139--140
 \T1/lmtt/m/n/10.95 that, if happens, triggers the component that produce a not
ification that is
 []


Underfull \hbox (badness 10000) in paragraph at lines 145--146
[]\T1/lmtt/m/it/10.95 MVC\T1/lmtt/m/n/10.95 : The Database server contains all 
the software's data and constitutes
 []


Underfull \hbox (badness 10000) in paragraph at lines 145--146
\T1/lmtt/m/n/10.95 the model part. The presentation layer with the web-based ap
plication and
 []


Underfull \hbox (badness 10000) in paragraph at lines 145--146
\T1/lmtt/m/n/10.95 the mobile application is the view that is released to the u
ser. Finally
 []


Underfull \hbox (badness 10000) in paragraph at lines 147--148
[]\T1/lmtt/m/it/10.95 OBSERVER: \T1/lmtt/m/n/10.95 Our software has to be able 
to, for instance, advising the
 []


Underfull \hbox (badness 10000) in paragraph at lines 147--148
\T1/lmtt/m/n/10.95 user that he has to take a certain mean in a specific time f
or arriving
 []


Underfull \hbox (badness 10000) in paragraph at lines 147--148
\T1/lmtt/m/n/10.95 on time, or that the registered season ticket is expiring or
 also the
 []


Underfull \hbox (badness 10000) in paragraph at lines 147--148
\T1/lmtt/m/n/10.95 possibility of a strike or a bad meteorological condition. A
ll these
 []


Underfull \hbox (badness 10000) in paragraph at lines 147--148
\T1/lmtt/m/n/10.95 events have to be supported by a notification system.This ne
eds will be
 []


Underfull \hbox (badness 10000) in paragraph at lines 147--148
\T1/lmtt/m/n/10.95 implemented with this pattern. There will be a specific grou
p of event
 []


Underfull \hbox (badness 10000) in paragraph at lines 147--148
\T1/lmtt/m/n/10.95 listener, namely objects that extend a common abstract class
. When a
 []


Underfull \hbox (badness 10000) in paragraph at lines 147--148
\T1/lmtt/m/n/10.95 process that could generate a notification starts, one or mo
re concrete
 []


Underfull \hbox (badness 10000) in paragraph at lines 147--148
\T1/lmtt/m/n/10.95 references of event listeners are got by the objects involve
d into the
 []


Underfull \hbox (badness 10000) in paragraph at lines 147--148
\T1/lmtt/m/n/10.95 process devoted to perform operations and eventually change 
the variables,
 []


Underfull \hbox (badness 10000) in paragraph at lines 147--148
\T1/lmtt/m/n/10.95 or a set of variables of interest. The system will have as m
uch kind
 []


Underfull \hbox (badness 10000) in paragraph at lines 147--148
\T1/lmtt/m/n/10.95 of event listener as is necessary and they could be added fr
eely for
 []


Underfull \hbox (badness 10000) in paragraph at lines 147--148
\T1/lmtt/m/n/10.95 future expansion. When during such a process a variable of i
nterest for a
 []


Underfull \hbox (badness 10000) in paragraph at lines 147--148
\T1/lmtt/m/n/10.95 listener is changed some checks are performed and, under som
e particular
 []


Underfull \hbox (badness 10000) in paragraph at lines 149--150
[]\T1/lmtt/m/it/10.95 STRATEGY: \T1/lmtt/m/n/10.95 The filters applied on the d
ata for showing particular results
 []


Underfull \hbox (badness 10000) in paragraph at lines 149--150
\T1/lmtt/m/n/10.95 based on the user's choices, for example for advising the be
st means
 []


Underfull \hbox (badness 10000) in paragraph at lines 149--150
\T1/lmtt/m/n/10.95 of transport for a destination, will be implemented with a s
trategy
 []


Underfull \hbox (badness 10000) in paragraph at lines 149--150
\T1/lmtt/m/n/10.95 pattern. The class the will put in order the results will ha
ve an
 []


Underfull \hbox (badness 10000) in paragraph at lines 149--150
\T1/lmtt/m/n/10.95 instance of an abstract class that will be implemented by so
me concrete
 []


Underfull \hbox (badness 10000) in paragraph at lines 149--150
\T1/lmtt/m/n/10.95 class representing different ordering strategy. In this way 
the system
 []


Underfull \hbox (badness 10000) in paragraph at lines 149--150
\T1/lmtt/m/n/10.95 will be able to adapt his strategy runtime and it will be ve
ry simple to
 []


Underfull \hbox (badness 10000) in paragraph at lines 149--150
\T1/lmtt/m/n/10.95 add new strategy creating new classes that will implement th
e abstract
 []

[9]
Underfull \hbox (badness 10000) in paragraph at lines 151--154
[]\T1/lmtt/m/it/10.95 COMPOSITE: \T1/lmtt/m/n/10.95 We will use this pattern in
 our system for performing in a
 []


Underfull \hbox (badness 10000) in paragraph at lines 151--154
\T1/lmtt/m/n/10.95 cleaned and elegant way the various check that will have to 
be apply
 []


Underfull \hbox (badness 10000) in paragraph at lines 151--154
\T1/lmtt/m/n/10.95 on the user input. There will be a abstract class Checker th
at will
 []


Underfull \hbox (badness 10000) in paragraph at lines 151--154
\T1/lmtt/m/n/10.95 be extended by Composite checkers and Checkers. Each composi
te checker
 []


Underfull \hbox (badness 10000) in paragraph at lines 151--154
\T1/lmtt/m/n/10.95 contains one or more checkers and both implements the method
 check.
 []


Underfull \hbox (badness 10000) in paragraph at lines 151--154
\T1/lmtt/m/n/10.95 The class that will have to manage a specific user input wil
l have one
 []


Underfull \hbox (badness 10000) in paragraph at lines 151--154
\T1/lmtt/m/n/10.95 or more composite checkers. When a method that have to proce
ss the
 []


Underfull \hbox (badness 10000) in paragraph at lines 151--154
\T1/lmtt/m/n/10.95 user input data for passing them to an external service or t
o another
 []


Underfull \hbox (badness 10000) in paragraph at lines 151--154
\T1/lmtt/m/n/10.95 component that will insert such a data in a DB, the check me
thod of all
 []


Underfull \hbox (badness 10000) in paragraph at lines 151--154
\T1/lmtt/m/n/10.95 the compiste checker in such a class will be called and each
 composite
 []


Underfull \hbox (badness 10000) in paragraph at lines 151--154
\T1/lmtt/m/n/10.95 checkers will recursively call his checker's check method. I
n this way
 []


Underfull \hbox (badness 10000) in paragraph at lines 151--154
\T1/lmtt/m/n/10.95 all the check will be applied and if something is wrong, the
 subsequent
 []


Underfull \hbox (badness 10000) in paragraph at lines 151--154
\T1/lmtt/m/n/10.95 operation will not be executed and all the possible problems
 linked
 []


Underfull \hbox (badness 10000) in paragraph at lines 151--154
\T1/lmtt/m/n/10.95 with that will be avoided. Thanks to this pattern is possibl
e to create
 []


Underfull \hbox (badness 10000) in paragraph at lines 151--154
\T1/lmtt/m/n/10.95 new checkers/composite checkers very easily and deal with co
mplex and
 []


Underfull \hbox (badness 10000) in paragraph at lines 155--156
[]\T1/lmtt/m/it/10.95 FAADE: \T1/lmtt/m/n/10.95 As guideline of our implementa
tion, for all the complex operations
 []


Underfull \hbox (badness 10000) in paragraph at lines 155--156
\T1/lmtt/m/n/10.95 that will require multiple method's calls from different cla
sses we will
 []


Underfull \hbox (badness 10000) in paragraph at lines 155--156
\T1/lmtt/m/n/10.95 use a faade pattern. In this way we will able to hide a com
plex logic
 []


Underfull \hbox (badness 10000) in paragraph at lines 155--156
\T1/lmtt/m/n/10.95 operation within a single method's call. In this way we will
 simplify the
 []


Underfull \hbox (badness 10000) in paragraph at lines 159--160
[]\T1/lmtt/m/n/10.95 A very delicate phase of our system is that one in which t
he user input
 []


Underfull \hbox (badness 10000) in paragraph at lines 159--160
\T1/lmtt/m/n/10.95 is checked. This is so important because the most user's ope
rations in
 []


Underfull \hbox (badness 10000) in paragraph at lines 159--160
\T1/lmtt/m/n/10.95 Travlendar+ terminates writing data on the Data Bases and if
 the system letted
 []


Underfull \hbox (badness 10000) in paragraph at lines 159--160
\T1/lmtt/m/n/10.95 wrong input to be written in the persistent memory, will ris
e big problems of
 []


Underfull \hbox (badness 10000) in paragraph at lines 161--162
[]\T1/lmtt/m/n/10.95 The operations that the user is allowed to do, work all wi
th similar data
 []


Underfull \hbox (badness 10000) in paragraph at lines 161--162
\T1/lmtt/m/n/10.95 but the checks that have to be performed are different, some
times very complex
 []


Underfull \hbox (badness 10000) in paragraph at lines 163--164
[]\T1/lmtt/m/n/10.95 Moreover, giving a quick look on the rapid world's evoluti
on, it sounds
 []


Underfull \hbox (badness 10000) in paragraph at lines 163--164
\T1/lmtt/m/n/10.95 quite possible that new kinds of event and operations could 
be implemented in
 []


Underfull \hbox (badness 10000) in paragraph at lines 163--164
\T1/lmtt/m/n/10.95 the system and so we needs that create a modular and scalabl
e way of facing
 []


Underfull \hbox (badness 10000) in paragraph at lines 165--166
[]\T1/lmtt/m/n/10.95 We will take on this problem using the composite pattern, 
that has been
 []


Underfull \hbox (badness 10000) in paragraph at lines 165--166
\T1/lmtt/m/n/10.95 described item by item in the design pattern paragraph. We g
ive downward an
 []


Underfull \hbox (badness 10000) in paragraph at lines 165--166
\T1/lmtt/m/n/10.95 example of how will be implemented a checking process from t
he received request
 []


Underfull \hbox (badness 10000) in paragraph at lines 167--168
[] \T1/lmtt/m/it/20.74 CONTINUARE CON SCREEN DELL'ALGORITMO
 []


Overfull \hbox (4.36365pt too wide) in paragraph at lines 170--174
[]\T1/lmtt/m/n/10.95 In this section we will give a plan that we have projected
 for implementing
 []


Underfull \hbox (badness 10000) in paragraph at lines 170--174
\T1/lmtt/m/n/10.95 Travlendar+. Firstly we will give the strategy for the proce
sses chosen for
 []


Underfull \hbox (badness 10000) in paragraph at lines 170--174
\T1/lmtt/m/n/10.95 taking on the our project and the structure of our team, how
 it is divided
 []


Underfull \hbox (badness 10000) in paragraph at lines 170--174
\T1/lmtt/m/n/10.95 and the tasks that each part has to accomplish. After we wil
l state how each
 []


Underfull \hbox (badness 10000) in paragraph at lines 170--174
\T1/lmtt/m/n/10.95 team's part has to interact with the others and the span of 
time of these
 []


Underfull \hbox (badness 10000) in paragraph at lines 170--174
\T1/lmtt/m/n/10.95 interactions. Finally we will give a list of possible risks,
 the probability
 []

[10]
Underfull \hbox (badness 10000) in paragraph at lines 176--178
 []\T1/lmtt/m/n/10.95 For giving a quality assurance of the project and be sure
 that the
 []


Underfull \hbox (badness 10000) in paragraph at lines 176--178
 \T1/lmtt/m/n/10.95 product will be as our stakeholders expect, we will an Agil
e planning
 []


Underfull \hbox (badness 10000) in paragraph at lines 176--178
 \T1/lmtt/m/n/10.95 process. It consists in a first initiating part in which it
's given an
 []


Underfull \hbox (badness 10000) in paragraph at lines 176--178
 \T1/lmtt/m/n/10.95 overall plan of the system process. We have started with th
e information
 []


Underfull \hbox (badness 10000) in paragraph at lines 176--178
 \T1/lmtt/m/n/10.95 given in the RASD and we will terminate it in this document
: in fact we
 []


Underfull \hbox (badness 10000) in paragraph at lines 176--178
 \T1/lmtt/m/n/10.95 have already stated the software's architecture and the des
ign pattern
 []


Underfull \hbox (badness 10000) in paragraph at lines 176--178
 \T1/lmtt/m/n/10.95 that will be used and in this section we will give a schedu
le for all the
 []


Underfull \hbox (badness 10000) in paragraph at lines 179--182
 []\T1/lmtt/m/n/10.95 After this part, there is a cycle of phases called respec
tively:
 []


Underfull \hbox (badness 10000) in paragraph at lines 179--182
 \T1/lmtt/m/n/10.95 Executing, monitoringANDControlling, Closing, Planning. Eve
ry cycle
 []


Underfull \hbox (badness 10000) in paragraph at lines 179--182
 \T1/lmtt/m/n/10.95 round has as input a specific process to accomplish, divide
d between the
 []


Underfull \hbox (badness 10000) in paragraph at lines 179--182
 \T1/lmtt/m/n/10.95 various team's parts. After executing all the task in a pre
cise given
 []


Underfull \hbox (badness 10000) in paragraph at lines 179--182
 \T1/lmtt/m/n/10.95 timeframe, the works is checked and after the parts agreeme
nt, that is
 []


Underfull \hbox (badness 10000) in paragraph at lines 179--182
 \T1/lmtt/m/n/10.95 reached after that the customers have analyzed the results,
 it will follow
 []


Underfull \hbox (badness 10000) in paragraph at lines 179--182
 \T1/lmtt/m/n/10.95 another planning phase that will contain also the correctio
ns that will
 []


Underfull \hbox (badness 10000) in paragraph at lines 179--182
 \T1/lmtt/m/n/10.95 result after the agreement. This cycle is repeated until th
e end of the
 []


Underfull \hbox (badness 10000) in paragraph at lines 194--195
[]\T1/lmtt/m/it/10.95 Back-End Team :\T1/lmtt/m/n/10.95 developers appointed to
 implement the application logic of
 []


Underfull \hbox (badness 10000) in paragraph at lines 196--197
[]\T1/lmtt/m/it/10.95 Supervisors: \T1/lmtt/m/n/10.95 developers that belongs t
o the Back-End Team or to the
 []


Underfull \hbox (badness 10000) in paragraph at lines 196--197
\T1/lmtt/m/n/10.95 Front-End Team and that have the main task of having any tim
e the picture
 []


Underfull \hbox (badness 10000) in paragraph at lines 202--205
 []\T1/lmtt/m/n/10.95 The work will be divided in sub-milestone from a minimum 
of one to
 []


Underfull \hbox (badness 10000) in paragraph at lines 202--205
 \T1/lmtt/m/n/10.95 a maximum of two weeks, and main-milestone every three or m
aximum four
 []


Underfull \hbox (badness 10000) in paragraph at lines 202--205
 \T1/lmtt/m/n/10.95 weeks. In these span of time all the teams have to complete
 the tasks that
 []


Underfull \hbox (badness 10000) in paragraph at lines 202--205
 \T1/lmtt/m/n/10.95 have been established in the previous planning phase. Every
 two days the
 []


Underfull \hbox (badness 10000) in paragraph at lines 202--205
 \T1/lmtt/m/n/10.95 different team's supervisors and a Tester's team delegate w
ill manage a
 []


Underfull \hbox (badness 10000) in paragraph at lines 202--205
 \T1/lmtt/m/n/10.95 meeting for speaking about their teams progress and will gi
ve directive
 []


Underfull \hbox (badness 10000) in paragraph at lines 202--205
 \T1/lmtt/m/n/10.95 for proceeding basically at the same speed. in the while, t
he Tester team
 []


Underfull \hbox (badness 10000) in paragraph at lines 202--205
 \T1/lmtt/m/n/10.95 will work on white-box test for the functionalities that th
e developer's
 []


Underfull \hbox (badness 10000) in paragraph at lines 202--205
 \T1/lmtt/m/n/10.95 teams are implementing. When the milestone's day come, the 
Tester team
 []


Underfull \hbox (badness 10000) in paragraph at lines 202--205
 \T1/lmtt/m/n/10.95 will have from a minimum of a day to a maximum of one they 
for testing the
 []


Underfull \hbox (badness 10000) in paragraph at lines 202--205
 \T1/lmtt/m/n/10.95 functionalities and give the results to the development tea
m that will have
 []

[11]
Underfull \hbox (badness 10000) in paragraph at lines 206--207
 []\T1/lmtt/m/n/10.95 During the week before the the milestone's day, the Teste
r team has
 []


Underfull \hbox (badness 10000) in paragraph at lines 206--207
 \T1/lmtt/m/n/10.95 to perform an integration test of the components and give t
he result to
 []


Underfull \hbox (badness 10000) in paragraph at lines 206--207
 \T1/lmtt/m/n/10.95 the development teams that has to release a beta version to
 restrict and
 []


Underfull \hbox (badness 10000) in paragraph at lines 206--207
 \T1/lmtt/m/n/10.95 selected group of people for the milestone day. In this way
, will be
 []


Underfull \hbox (badness 10000) in paragraph at lines 206--207
 \T1/lmtt/m/n/10.95 performed also an incremental User acceptance test on the w
ork that has been
 []


Underfull \hbox (badness 10000) in paragraph at lines 209--212
 [] \T1/lmtt/m/it/20.74 NON LO SO METTERE BENE \T1/lmtt/m/n/10.95 Probability E
ffects Budget
 []


Underfull \hbox (badness 10000) in paragraph at lines 213--217
 []\T1/lmtt/m/n/10.95 Time M Serious for implementing a function exceed from th
e calculated
 []


Underfull \hbox (badness 10000) in paragraph at lines 227--228
[]\T1/lmtt/m/it/10.95 Budget problems :\T1/lmtt/m/n/10.95 specify before starti
ng stating all the functionalities a
 []


Underfull \hbox (badness 10000) in paragraph at lines 227--228
\T1/lmtt/m/n/10.95 realize prevision of the costs predicted and agree with the 
stakeholder a
 []


Underfull \hbox (badness 10000) in paragraph at lines 227--228
\T1/lmtt/m/n/10.95 margin of budget that could increase for unpredicted situati
on during the
 []


Underfull \hbox (badness 10000) in paragraph at lines 229--230
[]\T1/lmtt/m/it/10.95 Time for implementing a function exceed :\T1/lmtt/m/n/10.
95 agree with the stakeholder a span
 []


Underfull \hbox (badness 10000) in paragraph at lines 231--232
[]\T1/lmtt/m/it/10.95 Team's member not available in critic moment : \T1/lmtt/m
/n/10.95 being sure that at least
 []


Underfull \hbox (badness 10000) in paragraph at lines 233--234
[]\T1/lmtt/m/it/10.95 Impossibility to recruit staff with required skills : \T1
/lmtt/m/n/10.95 advices the
 []


Underfull \hbox (badness 10000) in paragraph at lines 233--234
\T1/lmtt/m/n/10.95 customers about possible delete and be ready with a list of 
COTS to
 []

) [12]
Package atveryend Info: Empty hook `BeforeClearDocument' on input line 45.
Package atveryend Info: Empty hook `AfterLastShipout' on input line 45.
 ("Travlendar+ DD.aux")
Package atveryend Info: Executing hook `AtVeryEndDocument' on input line 45.
Package atveryend Info: Executing hook `AtEndAfterFileList' on input line 45.
Package rerunfilecheck Info: File `"Travlendar+ DD".out' has not changed.
(rerunfilecheck)             Checksum: 4AE6EB9987917FE7E87E01B059F52BCD;2631.
Package atveryend Info: Empty hook `AtVeryVeryEnd' on input line 45.
 ) 
Here is how much of TeX's memory you used:
 9539 strings out of 493323
 136211 string characters out of 3139053
 243205 words of memory out of 3000000
 12819 multiletter control sequences out of 15000+200000
 54400 words of font info for 49 fonts, out of 3000000 for 9000
 1141 hyphenation exceptions out of 8191
 43i,11n,43p,1150b,446s stack positions out of 5000i,500n,10000p,200000b,50000s
{C:/Program Files/MiKTeX 2.9/fonts/enc/dvips/lm/lm-ec.enc}{C:/Program Files/M
iKTeX 2.9/fonts/enc/dvips/lm/lm-ts1.enc}<C:/Program Files/MiKTeX 2.9/fonts/type
1/public/lm/lmbx10.pfb><C:/Program Files/MiKTeX 2.9/fonts/type1/public/lm/lmbx1
2.pfb><C:/Program Files/MiKTeX 2.9/fonts/type1/public/lm/lmr10.pfb><C:/Program 
Files/MiKTeX 2.9/fonts/type1/public/lm/lmri12.pfb><C:/Program Files/MiKTeX 2.9/
fonts/type1/public/lm/lmtt10.pfb><C:/Program Files/MiKTeX 2.9/fonts/type1/publi
c/lm/lmtt12.pfb><C:/Program Files/MiKTeX 2.9/fonts/type1/public/lm/lmtti10.pfb>

Output written on "Travlendar+ DD.pdf" (13 pages, 364593 bytes).
PDF statistics:
 309 PDF objects out of 1000 (max. 8388607)
 55 named destinations out of 1000 (max. 500000)
 317 words of extra memory for PDF output out of 10000 (max. 10000000)

