\BOOKMARK [1][-]{section.1}{Introduction}{}% 1
\BOOKMARK [2][-]{subsection.1.1}{Purpose}{section.1}% 2
\BOOKMARK [2][-]{subsection.1.2}{Scope}{section.1}% 3
\BOOKMARK [2][-]{subsection.1.3}{Definitions}{section.1}% 4
\BOOKMARK [2][-]{subsection.1.4}{Acronyms}{section.1}% 5
\BOOKMARK [2][-]{subsection.1.5}{Abbreviations}{section.1}% 6
\BOOKMARK [2][-]{subsection.1.6}{Reference Documents}{section.1}% 7
\BOOKMARK [2][-]{subsection.1.7}{Document Structure}{section.1}% 8
\BOOKMARK [1][-]{section.2}{Architectural Design}{}% 9
\BOOKMARK [2][-]{subsection.2.1}{Overview}{section.2}% 10
\BOOKMARK [2][-]{subsection.2.2}{High Level Components and Their Interactions}{section.2}% 11
\BOOKMARK [2][-]{subsection.2.3}{Component View}{section.2}% 12
\BOOKMARK [3][-]{subsubsection.2.3.1}{Travlendar+ Mobile App}{subsection.2.3}% 13
\BOOKMARK [3][-]{subsubsection.2.3.2}{Travlendar+ Web Browser}{subsection.2.3}% 14
\BOOKMARK [3][-]{subsubsection.2.3.3}{Web Server}{subsection.2.3}% 15
\BOOKMARK [3][-]{subsubsection.2.3.4}{User Manager}{subsection.2.3}% 16
\BOOKMARK [3][-]{subsubsection.2.3.5}{Registration \046 Login}{subsection.2.3}% 17
\BOOKMARK [3][-]{subsubsection.2.3.6}{Preference Manager}{subsection.2.3}% 18
\BOOKMARK [3][-]{subsubsection.2.3.7}{Trip Manager}{subsection.2.3}% 19
\BOOKMARK [3][-]{subsubsection.2.3.8}{Events Manager}{subsection.2.3}% 20
\BOOKMARK [3][-]{subsubsection.2.3.9}{Transport Manager}{subsection.2.3}% 21
\BOOKMARK [3][-]{subsubsection.2.3.10}{Directions}{subsection.2.3}% 22
\BOOKMARK [3][-]{subsubsection.2.3.11}{Environment Manager}{subsection.2.3}% 23
\BOOKMARK [3][-]{subsubsection.2.3.12}{Sharing Service Manager}{subsection.2.3}% 24
\BOOKMARK [3][-]{subsubsection.2.3.13}{Local Transport Tickets}{subsection.2.3}% 25
\BOOKMARK [3][-]{subsubsection.2.3.14}{Outdoor Transport Tickets}{subsection.2.3}% 26
\BOOKMARK [2][-]{subsection.2.4}{Deployment View}{section.2}% 27
\BOOKMARK [2][-]{subsection.2.5}{Runtime View}{section.2}% 28
\BOOKMARK [2][-]{subsection.2.6}{Selected Architectural Styles and Patterns}{section.2}% 29
\BOOKMARK [2][-]{subsection.2.7}{Design patterns}{section.2}% 30
\BOOKMARK [1][-]{section.3}{Algorithm Design}{}% 31
\BOOKMARK [1][-]{section.4}{Implementation, integration and test plan}{}% 32
\BOOKMARK [2][-]{subsection.4.1}{Strategy adopted}{section.4}% 33
\BOOKMARK [2][-]{subsection.4.2}{Team structure}{section.4}% 34
\BOOKMARK [2][-]{subsection.4.3}{Implementation and testing plan}{section.4}% 35
\BOOKMARK [2][-]{subsection.4.4}{Possible risks}{section.4}% 36
\BOOKMARK [2][-]{subsection.4.5}{Possible solutions}{section.4}% 37
